20:12:56.885 [main] INFO  com.aopolex.travel.TravelApplication - Starting TravelApplication using Java 1.8.0_301 on LAPTOP-TMK1TVK9 with PID 15384 (D:\JavaProject\Travel\target\classes started by AoPoLex in D:\JavaProject\Travel)
20:12:56.890 [main] INFO  com.aopolex.travel.TravelApplication - No active profile set, falling back to 1 default profile: "default"
20:12:58.653 [main] INFO  o.s.boot.web.embedded.tomcat.TomcatWebServer - Tomcat initialized with port(s): 80 (http)
20:12:58.662 [main] INFO  org.apache.coyote.http11.Http11NioProtocol - Initializing ProtocolHandler ["http-nio-80"]
20:12:58.663 [main] INFO  org.apache.catalina.core.StandardService - Starting service [Tomcat]
20:12:58.663 [main] INFO  org.apache.catalina.core.StandardEngine - Starting Servlet engine: [Apache Tomcat/9.0.70]
20:12:58.856 [main] INFO  o.a.c.core.ContainerBase.[Tomcat].[localhost].[/] - Initializing Spring embedded WebApplicationContext
20:12:58.857 [main] INFO  o.s.b.w.s.c.ServletWebServerApplicationContext - Root WebApplicationContext: initialization completed in 1904 ms
20:13:00.800 [main] INFO  o.s.security.web.DefaultSecurityFilterChain - Will secure any request with [org.springframework.security.web.session.DisableEncodeUrlFilter@164642a4, org.springframework.security.web.context.request.async.WebAsyncManagerIntegrationFilter@75cf0de5, org.springframework.security.web.context.SecurityContextPersistenceFilter@7645f03e, org.springframework.security.web.header.HeaderWriterFilter@55b5cd2b, org.springframework.web.filter.CorsFilter@50b0afd7, org.springframework.security.web.authentication.logout.LogoutFilter@5489b1f7, org.springframework.security.web.authentication.UsernamePasswordAuthenticationFilter@51bddd98, org.springframework.security.web.savedrequest.RequestCacheAwareFilter@3d299393, org.springframework.security.web.servletapi.SecurityContextHolderAwareRequestFilter@5dc769f9, org.springframework.security.web.authentication.AnonymousAuthenticationFilter@468173fa, org.springframework.security.web.session.SessionManagementFilter@51a651c1, org.springframework.security.web.access.ExceptionTranslationFilter@297c9a9b, org.springframework.security.web.access.intercept.FilterSecurityInterceptor@e09f1b6]
20:13:00.875 [main] INFO  org.apache.coyote.http11.Http11NioProtocol - Starting ProtocolHandler ["http-nio-80"]
20:13:00.892 [main] INFO  o.s.boot.web.embedded.tomcat.TomcatWebServer - Tomcat started on port(s): 80 (http) with context path ''
20:13:00.905 [main] INFO  com.aopolex.travel.TravelApplication - Started TravelApplication in 4.653 seconds (JVM running for 5.972)
20:13:05.395 [http-nio-80-exec-1] INFO  o.a.c.core.ContainerBase.[Tomcat].[localhost].[/] - Initializing Spring DispatcherServlet 'dispatcherServlet'
20:13:05.396 [http-nio-80-exec-1] INFO  org.springframework.web.servlet.DispatcherServlet - Initializing Servlet 'dispatcherServlet'
20:13:05.397 [http-nio-80-exec-1] INFO  org.springframework.web.servlet.DispatcherServlet - Completed initialization in 1 ms
20:18:52.365 [main] INFO  com.aopolex.travel.TravelApplication - Starting TravelApplication using Java 1.8.0_301 on LAPTOP-TMK1TVK9 with PID 3808 (D:\JavaProject\Travel\target\classes started by AoPoLex in D:\JavaProject\Travel)
20:18:52.368 [main] INFO  com.aopolex.travel.TravelApplication - No active profile set, falling back to 1 default profile: "default"
20:18:53.707 [main] INFO  o.s.boot.web.embedded.tomcat.TomcatWebServer - Tomcat initialized with port(s): 80 (http)
20:18:53.715 [main] INFO  org.apache.coyote.http11.Http11NioProtocol - Initializing ProtocolHandler ["http-nio-80"]
20:18:53.716 [main] INFO  org.apache.catalina.core.StandardService - Starting service [Tomcat]
20:18:53.716 [main] INFO  org.apache.catalina.core.StandardEngine - Starting Servlet engine: [Apache Tomcat/9.0.70]
20:18:53.845 [main] INFO  o.a.c.core.ContainerBase.[Tomcat].[localhost].[/] - Initializing Spring embedded WebApplicationContext
20:18:53.846 [main] INFO  o.s.b.w.s.c.ServletWebServerApplicationContext - Root WebApplicationContext: initialization completed in 1407 ms
20:18:55.486 [main] INFO  o.s.security.web.DefaultSecurityFilterChain - Will secure any request with [org.springframework.security.web.session.DisableEncodeUrlFilter@164642a4, org.springframework.security.web.context.request.async.WebAsyncManagerIntegrationFilter@75cf0de5, org.springframework.security.web.context.SecurityContextPersistenceFilter@7645f03e, org.springframework.security.web.header.HeaderWriterFilter@55b5cd2b, org.springframework.web.filter.CorsFilter@50b0afd7, org.springframework.security.web.authentication.logout.LogoutFilter@5489b1f7, org.springframework.security.web.authentication.UsernamePasswordAuthenticationFilter@51bddd98, org.springframework.security.web.savedrequest.RequestCacheAwareFilter@3d299393, org.springframework.security.web.servletapi.SecurityContextHolderAwareRequestFilter@5dc769f9, org.springframework.security.web.authentication.AnonymousAuthenticationFilter@468173fa, org.springframework.security.web.session.SessionManagementFilter@51a651c1, org.springframework.security.web.access.ExceptionTranslationFilter@297c9a9b, org.springframework.security.web.access.intercept.FilterSecurityInterceptor@e09f1b6]
20:18:55.548 [main] INFO  org.apache.coyote.http11.Http11NioProtocol - Starting ProtocolHandler ["http-nio-80"]
20:18:55.562 [main] INFO  o.s.boot.web.embedded.tomcat.TomcatWebServer - Tomcat started on port(s): 80 (http) with context path ''
20:18:55.571 [main] INFO  com.aopolex.travel.TravelApplication - Started TravelApplication in 3.774 seconds (JVM running for 4.828)
20:19:03.241 [http-nio-80-exec-1] INFO  o.a.c.core.ContainerBase.[Tomcat].[localhost].[/] - Initializing Spring DispatcherServlet 'dispatcherServlet'
20:19:03.241 [http-nio-80-exec-1] INFO  org.springframework.web.servlet.DispatcherServlet - Initializing Servlet 'dispatcherServlet'
20:19:03.242 [http-nio-80-exec-1] INFO  org.springframework.web.servlet.DispatcherServlet - Completed initialization in 1 ms
20:19:03.713 [http-nio-80-exec-5] INFO  com.zaxxer.hikari.HikariDataSource - HikariPool-1 - Starting...
20:19:04.303 [http-nio-80-exec-5] INFO  com.zaxxer.hikari.HikariDataSource - HikariPool-1 - Start completed.
22:29:42.083 [HikariPool-1 housekeeper] WARN  com.zaxxer.hikari.pool.HikariPool - HikariPool-1 - Thread starvation or clock leap detected (housekeeper delta=1h6m36s627ms107µs500ns).
22:52:50.823 [SpringApplicationShutdownHook] INFO  com.zaxxer.hikari.HikariDataSource - HikariPool-1 - Shutdown initiated...
22:52:50.839 [SpringApplicationShutdownHook] INFO  com.zaxxer.hikari.HikariDataSource - HikariPool-1 - Shutdown completed.
22:53:00.098 [main] INFO  com.aopolex.travel.TravelApplication - Starting TravelApplication using Java 1.8.0_301 on LAPTOP-TMK1TVK9 with PID 18712 (D:\JavaProject\Travel\target\classes started by AoPoLex in D:\JavaProject\Travel)
22:53:00.102 [main] INFO  com.aopolex.travel.TravelApplication - No active profile set, falling back to 1 default profile: "default"
22:53:01.814 [main] INFO  o.s.boot.web.embedded.tomcat.TomcatWebServer - Tomcat initialized with port(s): 80 (http)
22:53:01.824 [main] INFO  org.apache.coyote.http11.Http11NioProtocol - Initializing ProtocolHandler ["http-nio-80"]
22:53:01.825 [main] INFO  org.apache.catalina.core.StandardService - Starting service [Tomcat]
22:53:01.825 [main] INFO  org.apache.catalina.core.StandardEngine - Starting Servlet engine: [Apache Tomcat/9.0.70]
22:53:02.032 [main] INFO  o.a.c.core.ContainerBase.[Tomcat].[localhost].[/] - Initializing Spring embedded WebApplicationContext
22:53:02.032 [main] INFO  o.s.b.w.s.c.ServletWebServerApplicationContext - Root WebApplicationContext: initialization completed in 1860 ms
22:53:03.885 [main] INFO  o.s.security.web.DefaultSecurityFilterChain - Will secure any request with [org.springframework.security.web.session.DisableEncodeUrlFilter@79d3473e, org.springframework.security.web.context.request.async.WebAsyncManagerIntegrationFilter@4dad0eed, org.springframework.security.web.context.SecurityContextPersistenceFilter@51a651c1, org.springframework.security.web.header.HeaderWriterFilter@2bc7db89, org.springframework.web.filter.CorsFilter@7fad214a, org.springframework.security.web.authentication.logout.LogoutFilter@9ab310b, org.springframework.security.web.authentication.UsernamePasswordAuthenticationFilter@4faf104, org.springframework.security.web.savedrequest.RequestCacheAwareFilter@5426cb36, org.springframework.security.web.servletapi.SecurityContextHolderAwareRequestFilter@16da1abc, org.springframework.security.web.authentication.AnonymousAuthenticationFilter@164642a4, org.springframework.security.web.session.SessionManagementFilter@220c9a63, org.springframework.security.web.access.ExceptionTranslationFilter@7b1e5e55, org.springframework.security.web.access.intercept.FilterSecurityInterceptor@4ef2ab73]
22:53:03.946 [main] INFO  org.apache.coyote.http11.Http11NioProtocol - Starting ProtocolHandler ["http-nio-80"]
22:53:03.963 [main] INFO  o.s.boot.web.embedded.tomcat.TomcatWebServer - Tomcat started on port(s): 80 (http) with context path ''
22:53:03.973 [main] INFO  com.aopolex.travel.TravelApplication - Started TravelApplication in 4.576 seconds (JVM running for 5.639)
22:54:01.914 [http-nio-80-exec-1] INFO  o.a.c.core.ContainerBase.[Tomcat].[localhost].[/] - Initializing Spring DispatcherServlet 'dispatcherServlet'
22:54:01.914 [http-nio-80-exec-1] INFO  org.springframework.web.servlet.DispatcherServlet - Initializing Servlet 'dispatcherServlet'
22:54:01.915 [http-nio-80-exec-1] INFO  org.springframework.web.servlet.DispatcherServlet - Completed initialization in 1 ms
22:54:02.614 [http-nio-80-exec-9] INFO  com.zaxxer.hikari.HikariDataSource - HikariPool-1 - Starting...
22:54:03.166 [http-nio-80-exec-9] INFO  com.zaxxer.hikari.HikariDataSource - HikariPool-1 - Start completed.
22:55:27.765 [SpringApplicationShutdownHook] INFO  com.zaxxer.hikari.HikariDataSource - HikariPool-1 - Shutdown initiated...
22:55:27.777 [SpringApplicationShutdownHook] INFO  com.zaxxer.hikari.HikariDataSource - HikariPool-1 - Shutdown completed.
22:55:31.901 [main] INFO  com.aopolex.travel.TravelApplication - Starting TravelApplication using Java 1.8.0_301 on LAPTOP-TMK1TVK9 with PID 6640 (D:\JavaProject\Travel\target\classes started by AoPoLex in D:\JavaProject\Travel)
22:55:31.906 [main] INFO  com.aopolex.travel.TravelApplication - No active profile set, falling back to 1 default profile: "default"
22:55:33.240 [main] INFO  o.s.boot.web.embedded.tomcat.TomcatWebServer - Tomcat initialized with port(s): 80 (http)
22:55:33.247 [main] INFO  org.apache.coyote.http11.Http11NioProtocol - Initializing ProtocolHandler ["http-nio-80"]
22:55:33.248 [main] INFO  org.apache.catalina.core.StandardService - Starting service [Tomcat]
22:55:33.248 [main] INFO  org.apache.catalina.core.StandardEngine - Starting Servlet engine: [Apache Tomcat/9.0.70]
22:55:33.381 [main] INFO  o.a.c.core.ContainerBase.[Tomcat].[localhost].[/] - Initializing Spring embedded WebApplicationContext
22:55:33.381 [main] INFO  o.s.b.w.s.c.ServletWebServerApplicationContext - Root WebApplicationContext: initialization completed in 1419 ms
22:55:34.988 [main] INFO  o.s.security.web.DefaultSecurityFilterChain - Will secure any request with [org.springframework.security.web.session.DisableEncodeUrlFilter@164642a4, org.springframework.security.web.context.request.async.WebAsyncManagerIntegrationFilter@75cf0de5, org.springframework.security.web.context.SecurityContextPersistenceFilter@7645f03e, org.springframework.security.web.header.HeaderWriterFilter@55b5cd2b, org.springframework.web.filter.CorsFilter@50b0afd7, org.springframework.security.web.authentication.logout.LogoutFilter@5489b1f7, org.springframework.security.web.authentication.UsernamePasswordAuthenticationFilter@51bddd98, org.springframework.security.web.savedrequest.RequestCacheAwareFilter@3d299393, org.springframework.security.web.servletapi.SecurityContextHolderAwareRequestFilter@5dc769f9, org.springframework.security.web.authentication.AnonymousAuthenticationFilter@468173fa, org.springframework.security.web.session.SessionManagementFilter@51a651c1, org.springframework.security.web.access.ExceptionTranslationFilter@297c9a9b, org.springframework.security.web.access.intercept.FilterSecurityInterceptor@e09f1b6]
22:55:35.050 [main] INFO  org.apache.coyote.http11.Http11NioProtocol - Starting ProtocolHandler ["http-nio-80"]
22:55:35.068 [main] INFO  o.s.boot.web.embedded.tomcat.TomcatWebServer - Tomcat started on port(s): 80 (http) with context path ''
22:55:35.079 [main] INFO  com.aopolex.travel.TravelApplication - Started TravelApplication in 3.69 seconds (JVM running for 4.572)
22:55:44.034 [http-nio-80-exec-1] INFO  o.a.c.core.ContainerBase.[Tomcat].[localhost].[/] - Initializing Spring DispatcherServlet 'dispatcherServlet'
22:55:44.035 [http-nio-80-exec-1] INFO  org.springframework.web.servlet.DispatcherServlet - Initializing Servlet 'dispatcherServlet'
22:55:44.036 [http-nio-80-exec-1] INFO  org.springframework.web.servlet.DispatcherServlet - Completed initialization in 1 ms
22:55:44.531 [http-nio-80-exec-5] INFO  com.zaxxer.hikari.HikariDataSource - HikariPool-1 - Starting...
22:55:45.008 [http-nio-80-exec-5] INFO  com.zaxxer.hikari.HikariDataSource - HikariPool-1 - Start completed.
22:56:43.861 [http-nio-80-exec-1] ERROR org.thymeleaf.TemplateEngine - [THYMELEAF][http-nio-80-exec-1] Exception processing template "/frontdesk/product": Error resolving template [/frontdesk/product], template might not exist or might not be accessible by any of the configured Template Resolvers
org.thymeleaf.exceptions.TemplateInputException: Error resolving template [/frontdesk/product], template might not exist or might not be accessible by any of the configured Template Resolvers
	at org.thymeleaf.engine.TemplateManager.resolveTemplate(TemplateManager.java:869)
	at org.thymeleaf.engine.TemplateManager.parseAndProcess(TemplateManager.java:607)
	at org.thymeleaf.TemplateEngine.process(TemplateEngine.java:1098)
	at org.thymeleaf.TemplateEngine.process(TemplateEngine.java:1072)
	at org.thymeleaf.spring5.view.ThymeleafView.renderFragment(ThymeleafView.java:366)
	at org.thymeleaf.spring5.view.ThymeleafView.render(ThymeleafView.java:190)
	at org.springframework.web.servlet.DispatcherServlet.render(DispatcherServlet.java:1405)
	at org.springframework.web.servlet.DispatcherServlet.processDispatchResult(DispatcherServlet.java:1149)
	at org.springframework.web.servlet.DispatcherServlet.doDispatch(DispatcherServlet.java:1088)
	at org.springframework.web.servlet.DispatcherServlet.doService(DispatcherServlet.java:964)
	at org.springframework.web.servlet.FrameworkServlet.processRequest(FrameworkServlet.java:1006)
	at org.springframework.web.servlet.FrameworkServlet.doGet(FrameworkServlet.java:898)
	at javax.servlet.http.HttpServlet.service(HttpServlet.java:670)
	at org.springframework.web.servlet.FrameworkServlet.service(FrameworkServlet.java:883)
	at javax.servlet.http.HttpServlet.service(HttpServlet.java:779)
	at org.apache.catalina.core.ApplicationFilterChain.internalDoFilter(ApplicationFilterChain.java:227)
	at org.apache.catalina.core.ApplicationFilterChain.doFilter(ApplicationFilterChain.java:162)
	at org.apache.tomcat.websocket.server.WsFilter.doFilter(WsFilter.java:53)
	at org.apache.catalina.core.ApplicationFilterChain.internalDoFilter(ApplicationFilterChain.java:189)
	at org.apache.catalina.core.ApplicationFilterChain.doFilter(ApplicationFilterChain.java:162)
	at org.springframework.security.web.FilterChainProxy$VirtualFilterChain.doFilter(FilterChainProxy.java:337)
	at org.springframework.security.web.access.intercept.FilterSecurityInterceptor.invoke(FilterSecurityInterceptor.java:115)
	at org.springframework.security.web.access.intercept.FilterSecurityInterceptor.doFilter(FilterSecurityInterceptor.java:81)
	at org.springframework.security.web.FilterChainProxy$VirtualFilterChain.doFilter(FilterChainProxy.java:346)
	at org.springframework.security.web.access.ExceptionTranslationFilter.doFilter(ExceptionTranslationFilter.java:122)
	at org.springframework.security.web.access.ExceptionTranslationFilter.doFilter(ExceptionTranslationFilter.java:116)
	at org.springframework.security.web.FilterChainProxy$VirtualFilterChain.doFilter(FilterChainProxy.java:346)
	at org.springframework.security.web.session.SessionManagementFilter.doFilter(SessionManagementFilter.java:126)
	at org.springframework.security.web.session.SessionManagementFilter.doFilter(SessionManagementFilter.java:81)
	at org.springframework.security.web.FilterChainProxy$VirtualFilterChain.doFilter(FilterChainProxy.java:346)
	at org.springframework.security.web.authentication.AnonymousAuthenticationFilter.doFilter(AnonymousAuthenticationFilter.java:109)
	at org.springframework.security.web.FilterChainProxy$VirtualFilterChain.doFilter(FilterChainProxy.java:346)
	at org.springframework.security.web.servletapi.SecurityContextHolderAwareRequestFilter.doFilter(SecurityContextHolderAwareRequestFilter.java:149)
	at org.springframework.security.web.FilterChainProxy$VirtualFilterChain.doFilter(FilterChainProxy.java:346)
	at org.springframework.security.web.savedrequest.RequestCacheAwareFilter.doFilter(RequestCacheAwareFilter.java:63)
	at org.springframework.security.web.FilterChainProxy$VirtualFilterChain.doFilter(FilterChainProxy.java:346)
	at org.springframework.security.web.authentication.AbstractAuthenticationProcessingFilter.doFilter(AbstractAuthenticationProcessingFilter.java:223)
	at org.springframework.security.web.authentication.AbstractAuthenticationProcessingFilter.doFilter(AbstractAuthenticationProcessingFilter.java:217)
	at org.springframework.security.web.FilterChainProxy$VirtualFilterChain.doFilter(FilterChainProxy.java:346)
	at org.springframework.security.web.authentication.logout.LogoutFilter.doFilter(LogoutFilter.java:103)
	at org.springframework.security.web.authentication.logout.LogoutFilter.doFilter(LogoutFilter.java:89)
	at org.springframework.security.web.FilterChainProxy$VirtualFilterChain.doFilter(FilterChainProxy.java:346)
	at org.springframework.web.filter.CorsFilter.doFilterInternal(CorsFilter.java:91)
	at org.springframework.web.filter.OncePerRequestFilter.doFilter(OncePerRequestFilter.java:117)
	at org.springframework.security.web.FilterChainProxy$VirtualFilterChain.doFilter(FilterChainProxy.java:346)
	at org.springframework.security.web.header.HeaderWriterFilter.doHeadersAfter(HeaderWriterFilter.java:90)
	at org.springframework.security.web.header.HeaderWriterFilter.doFilterInternal(HeaderWriterFilter.java:75)
	at org.springframework.web.filter.OncePerRequestFilter.doFilter(OncePerRequestFilter.java:117)
	at org.springframework.security.web.FilterChainProxy$VirtualFilterChain.doFilter(FilterChainProxy.java:346)
	at org.springframework.security.web.context.SecurityContextPersistenceFilter.doFilter(SecurityContextPersistenceFilter.java:112)
	at org.springframework.security.web.context.SecurityContextPersistenceFilter.doFilter(SecurityContextPersistenceFilter.java:82)
	at org.springframework.security.web.FilterChainProxy$VirtualFilterChain.doFilter(FilterChainProxy.java:346)
	at org.springframework.security.web.context.request.async.WebAsyncManagerIntegrationFilter.doFilterInternal(WebAsyncManagerIntegrationFilter.java:55)
	at org.springframework.web.filter.OncePerRequestFilter.doFilter(OncePerRequestFilter.java:117)
	at org.springframework.security.web.FilterChainProxy$VirtualFilterChain.doFilter(FilterChainProxy.java:346)
	at org.springframework.security.web.session.DisableEncodeUrlFilter.doFilterInternal(DisableEncodeUrlFilter.java:42)
	at org.springframework.web.filter.OncePerRequestFilter.doFilter(OncePerRequestFilter.java:117)
	at org.springframework.security.web.FilterChainProxy$VirtualFilterChain.doFilter(FilterChainProxy.java:346)
	at org.springframework.security.web.FilterChainProxy.doFilterInternal(FilterChainProxy.java:221)
	at org.springframework.security.web.FilterChainProxy.doFilter(FilterChainProxy.java:186)
	at org.springframework.web.filter.DelegatingFilterProxy.invokeDelegate(DelegatingFilterProxy.java:354)
	at org.springframework.web.filter.DelegatingFilterProxy.doFilter(DelegatingFilterProxy.java:267)
	at org.apache.catalina.core.ApplicationFilterChain.internalDoFilter(ApplicationFilterChain.java:189)
	at org.apache.catalina.core.ApplicationFilterChain.doFilter(ApplicationFilterChain.java:162)
	at org.springframework.web.filter.RequestContextFilter.doFilterInternal(RequestContextFilter.java:100)
	at org.springframework.web.filter.OncePerRequestFilter.doFilter(OncePerRequestFilter.java:117)
	at org.apache.catalina.core.ApplicationFilterChain.internalDoFilter(ApplicationFilterChain.java:189)
	at org.apache.catalina.core.ApplicationFilterChain.doFilter(ApplicationFilterChain.java:162)
	at org.springframework.web.filter.FormContentFilter.doFilterInternal(FormContentFilter.java:93)
	at org.springframework.web.filter.OncePerRequestFilter.doFilter(OncePerRequestFilter.java:117)
	at org.apache.catalina.core.ApplicationFilterChain.internalDoFilter(ApplicationFilterChain.java:189)
	at org.apache.catalina.core.ApplicationFilterChain.doFilter(ApplicationFilterChain.java:162)
	at org.springframework.web.filter.CharacterEncodingFilter.doFilterInternal(CharacterEncodingFilter.java:201)
	at org.springframework.web.filter.OncePerRequestFilter.doFilter(OncePerRequestFilter.java:117)
	at org.apache.catalina.core.ApplicationFilterChain.internalDoFilter(ApplicationFilterChain.java:189)
	at org.apache.catalina.core.ApplicationFilterChain.doFilter(ApplicationFilterChain.java:162)
	at org.apache.catalina.core.StandardWrapperValve.invoke(StandardWrapperValve.java:177)
	at org.apache.catalina.core.StandardContextValve.invoke(StandardContextValve.java:97)
	at org.apache.catalina.authenticator.AuthenticatorBase.invoke(AuthenticatorBase.java:541)
	at org.apache.catalina.core.StandardHostValve.invoke(StandardHostValve.java:135)
	at org.apache.catalina.valves.ErrorReportValve.invoke(ErrorReportValve.java:92)
	at org.apache.catalina.core.StandardEngineValve.invoke(StandardEngineValve.java:78)
	at org.apache.catalina.connector.CoyoteAdapter.service(CoyoteAdapter.java:360)
	at org.apache.coyote.http11.Http11Processor.service(Http11Processor.java:399)
	at org.apache.coyote.AbstractProcessorLight.process(AbstractProcessorLight.java:65)
	at org.apache.coyote.AbstractProtocol$ConnectionHandler.process(AbstractProtocol.java:891)
	at org.apache.tomcat.util.net.NioEndpoint$SocketProcessor.doRun(NioEndpoint.java:1784)
	at org.apache.tomcat.util.net.SocketProcessorBase.run(SocketProcessorBase.java:49)
	at org.apache.tomcat.util.threads.ThreadPoolExecutor.runWorker(ThreadPoolExecutor.java:1191)
	at org.apache.tomcat.util.threads.ThreadPoolExecutor$Worker.run(ThreadPoolExecutor.java:659)
	at org.apache.tomcat.util.threads.TaskThread$WrappingRunnable.run(TaskThread.java:61)
	at java.lang.Thread.run(Thread.java:748)
22:56:43.863 [http-nio-80-exec-1] ERROR o.a.c.c.C.[.[localhost].[/].[dispatcherServlet] - Servlet.service() for servlet [dispatcherServlet] in context with path [] threw exception [Request processing failed; nested exception is org.thymeleaf.exceptions.TemplateInputException: Error resolving template [/frontdesk/product], template might not exist or might not be accessible by any of the configured Template Resolvers] with root cause
org.thymeleaf.exceptions.TemplateInputException: Error resolving template [/frontdesk/product], template might not exist or might not be accessible by any of the configured Template Resolvers
	at org.thymeleaf.engine.TemplateManager.resolveTemplate(TemplateManager.java:869)
	at org.thymeleaf.engine.TemplateManager.parseAndProcess(TemplateManager.java:607)
	at org.thymeleaf.TemplateEngine.process(TemplateEngine.java:1098)
	at org.thymeleaf.TemplateEngine.process(TemplateEngine.java:1072)
	at org.thymeleaf.spring5.view.ThymeleafView.renderFragment(ThymeleafView.java:366)
	at org.thymeleaf.spring5.view.ThymeleafView.render(ThymeleafView.java:190)
	at org.springframework.web.servlet.DispatcherServlet.render(DispatcherServlet.java:1405)
	at org.springframework.web.servlet.DispatcherServlet.processDispatchResult(DispatcherServlet.java:1149)
	at org.springframework.web.servlet.DispatcherServlet.doDispatch(DispatcherServlet.java:1088)
	at org.springframework.web.servlet.DispatcherServlet.doService(DispatcherServlet.java:964)
	at org.springframework.web.servlet.FrameworkServlet.processRequest(FrameworkServlet.java:1006)
	at org.springframework.web.servlet.FrameworkServlet.doGet(FrameworkServlet.java:898)
	at javax.servlet.http.HttpServlet.service(HttpServlet.java:670)
	at org.springframework.web.servlet.FrameworkServlet.service(FrameworkServlet.java:883)
	at javax.servlet.http.HttpServlet.service(HttpServlet.java:779)
	at org.apache.catalina.core.ApplicationFilterChain.internalDoFilter(ApplicationFilterChain.java:227)
	at org.apache.catalina.core.ApplicationFilterChain.doFilter(ApplicationFilterChain.java:162)
	at org.apache.tomcat.websocket.server.WsFilter.doFilter(WsFilter.java:53)
	at org.apache.catalina.core.ApplicationFilterChain.internalDoFilter(ApplicationFilterChain.java:189)
	at org.apache.catalina.core.ApplicationFilterChain.doFilter(ApplicationFilterChain.java:162)
	at org.springframework.security.web.FilterChainProxy$VirtualFilterChain.doFilter(FilterChainProxy.java:337)
	at org.springframework.security.web.access.intercept.FilterSecurityInterceptor.invoke(FilterSecurityInterceptor.java:115)
	at org.springframework.security.web.access.intercept.FilterSecurityInterceptor.doFilter(FilterSecurityInterceptor.java:81)
	at org.springframework.security.web.FilterChainProxy$VirtualFilterChain.doFilter(FilterChainProxy.java:346)
	at org.springframework.security.web.access.ExceptionTranslationFilter.doFilter(ExceptionTranslationFilter.java:122)
	at org.springframework.security.web.access.ExceptionTranslationFilter.doFilter(ExceptionTranslationFilter.java:116)
	at org.springframework.security.web.FilterChainProxy$VirtualFilterChain.doFilter(FilterChainProxy.java:346)
	at org.springframework.security.web.session.SessionManagementFilter.doFilter(SessionManagementFilter.java:126)
	at org.springframework.security.web.session.SessionManagementFilter.doFilter(SessionManagementFilter.java:81)
	at org.springframework.security.web.FilterChainProxy$VirtualFilterChain.doFilter(FilterChainProxy.java:346)
	at org.springframework.security.web.authentication.AnonymousAuthenticationFilter.doFilter(AnonymousAuthenticationFilter.java:109)
	at org.springframework.security.web.FilterChainProxy$VirtualFilterChain.doFilter(FilterChainProxy.java:346)
	at org.springframework.security.web.servletapi.SecurityContextHolderAwareRequestFilter.doFilter(SecurityContextHolderAwareRequestFilter.java:149)
	at org.springframework.security.web.FilterChainProxy$VirtualFilterChain.doFilter(FilterChainProxy.java:346)
	at org.springframework.security.web.savedrequest.RequestCacheAwareFilter.doFilter(RequestCacheAwareFilter.java:63)
	at org.springframework.security.web.FilterChainProxy$VirtualFilterChain.doFilter(FilterChainProxy.java:346)
	at org.springframework.security.web.authentication.AbstractAuthenticationProcessingFilter.doFilter(AbstractAuthenticationProcessingFilter.java:223)
	at org.springframework.security.web.authentication.AbstractAuthenticationProcessingFilter.doFilter(AbstractAuthenticationProcessingFilter.java:217)
	at org.springframework.security.web.FilterChainProxy$VirtualFilterChain.doFilter(FilterChainProxy.java:346)
	at org.springframework.security.web.authentication.logout.LogoutFilter.doFilter(LogoutFilter.java:103)
	at org.springframework.security.web.authentication.logout.LogoutFilter.doFilter(LogoutFilter.java:89)
	at org.springframework.security.web.FilterChainProxy$VirtualFilterChain.doFilter(FilterChainProxy.java:346)
	at org.springframework.web.filter.CorsFilter.doFilterInternal(CorsFilter.java:91)
	at org.springframework.web.filter.OncePerRequestFilter.doFilter(OncePerRequestFilter.java:117)
	at org.springframework.security.web.FilterChainProxy$VirtualFilterChain.doFilter(FilterChainProxy.java:346)
	at org.springframework.security.web.header.HeaderWriterFilter.doHeadersAfter(HeaderWriterFilter.java:90)
	at org.springframework.security.web.header.HeaderWriterFilter.doFilterInternal(HeaderWriterFilter.java:75)
	at org.springframework.web.filter.OncePerRequestFilter.doFilter(OncePerRequestFilter.java:117)
	at org.springframework.security.web.FilterChainProxy$VirtualFilterChain.doFilter(FilterChainProxy.java:346)
	at org.springframework.security.web.context.SecurityContextPersistenceFilter.doFilter(SecurityContextPersistenceFilter.java:112)
	at org.springframework.security.web.context.SecurityContextPersistenceFilter.doFilter(SecurityContextPersistenceFilter.java:82)
	at org.springframework.security.web.FilterChainProxy$VirtualFilterChain.doFilter(FilterChainProxy.java:346)
	at org.springframework.security.web.context.request.async.WebAsyncManagerIntegrationFilter.doFilterInternal(WebAsyncManagerIntegrationFilter.java:55)
	at org.springframework.web.filter.OncePerRequestFilter.doFilter(OncePerRequestFilter.java:117)
	at org.springframework.security.web.FilterChainProxy$VirtualFilterChain.doFilter(FilterChainProxy.java:346)
	at org.springframework.security.web.session.DisableEncodeUrlFilter.doFilterInternal(DisableEncodeUrlFilter.java:42)
	at org.springframework.web.filter.OncePerRequestFilter.doFilter(OncePerRequestFilter.java:117)
	at org.springframework.security.web.FilterChainProxy$VirtualFilterChain.doFilter(FilterChainProxy.java:346)
	at org.springframework.security.web.FilterChainProxy.doFilterInternal(FilterChainProxy.java:221)
	at org.springframework.security.web.FilterChainProxy.doFilter(FilterChainProxy.java:186)
	at org.springframework.web.filter.DelegatingFilterProxy.invokeDelegate(DelegatingFilterProxy.java:354)
	at org.springframework.web.filter.DelegatingFilterProxy.doFilter(DelegatingFilterProxy.java:267)
	at org.apache.catalina.core.ApplicationFilterChain.internalDoFilter(ApplicationFilterChain.java:189)
	at org.apache.catalina.core.ApplicationFilterChain.doFilter(ApplicationFilterChain.java:162)
	at org.springframework.web.filter.RequestContextFilter.doFilterInternal(RequestContextFilter.java:100)
	at org.springframework.web.filter.OncePerRequestFilter.doFilter(OncePerRequestFilter.java:117)
	at org.apache.catalina.core.ApplicationFilterChain.internalDoFilter(ApplicationFilterChain.java:189)
	at org.apache.catalina.core.ApplicationFilterChain.doFilter(ApplicationFilterChain.java:162)
	at org.springframework.web.filter.FormContentFilter.doFilterInternal(FormContentFilter.java:93)
	at org.springframework.web.filter.OncePerRequestFilter.doFilter(OncePerRequestFilter.java:117)
	at org.apache.catalina.core.ApplicationFilterChain.internalDoFilter(ApplicationFilterChain.java:189)
	at org.apache.catalina.core.ApplicationFilterChain.doFilter(ApplicationFilterChain.java:162)
	at org.springframework.web.filter.CharacterEncodingFilter.doFilterInternal(CharacterEncodingFilter.java:201)
	at org.springframework.web.filter.OncePerRequestFilter.doFilter(OncePerRequestFilter.java:117)
	at org.apache.catalina.core.ApplicationFilterChain.internalDoFilter(ApplicationFilterChain.java:189)
	at org.apache.catalina.core.ApplicationFilterChain.doFilter(ApplicationFilterChain.java:162)
	at org.apache.catalina.core.StandardWrapperValve.invoke(StandardWrapperValve.java:177)
	at org.apache.catalina.core.StandardContextValve.invoke(StandardContextValve.java:97)
	at org.apache.catalina.authenticator.AuthenticatorBase.invoke(AuthenticatorBase.java:541)
	at org.apache.catalina.core.StandardHostValve.invoke(StandardHostValve.java:135)
	at org.apache.catalina.valves.ErrorReportValve.invoke(ErrorReportValve.java:92)
	at org.apache.catalina.core.StandardEngineValve.invoke(StandardEngineValve.java:78)
	at org.apache.catalina.connector.CoyoteAdapter.service(CoyoteAdapter.java:360)
	at org.apache.coyote.http11.Http11Processor.service(Http11Processor.java:399)
	at org.apache.coyote.AbstractProcessorLight.process(AbstractProcessorLight.java:65)
	at org.apache.coyote.AbstractProtocol$ConnectionHandler.process(AbstractProtocol.java:891)
	at org.apache.tomcat.util.net.NioEndpoint$SocketProcessor.doRun(NioEndpoint.java:1784)
	at org.apache.tomcat.util.net.SocketProcessorBase.run(SocketProcessorBase.java:49)
	at org.apache.tomcat.util.threads.ThreadPoolExecutor.runWorker(ThreadPoolExecutor.java:1191)
	at org.apache.tomcat.util.threads.ThreadPoolExecutor$Worker.run(ThreadPoolExecutor.java:659)
	at org.apache.tomcat.util.threads.TaskThread$WrappingRunnable.run(TaskThread.java:61)
	at java.lang.Thread.run(Thread.java:748)
23:01:27.039 [SpringApplicationShutdownHook] INFO  com.zaxxer.hikari.HikariDataSource - HikariPool-1 - Shutdown initiated...
23:01:27.051 [SpringApplicationShutdownHook] INFO  com.zaxxer.hikari.HikariDataSource - HikariPool-1 - Shutdown completed.
23:01:31.465 [main] INFO  com.aopolex.travel.TravelApplication - Starting TravelApplication using Java 1.8.0_301 on LAPTOP-TMK1TVK9 with PID 2660 (D:\JavaProject\Travel\target\classes started by AoPoLex in D:\JavaProject\Travel)
23:01:31.470 [main] INFO  com.aopolex.travel.TravelApplication - No active profile set, falling back to 1 default profile: "default"
23:01:33.039 [main] INFO  o.s.boot.web.embedded.tomcat.TomcatWebServer - Tomcat initialized with port(s): 80 (http)
23:01:33.050 [main] INFO  org.apache.coyote.http11.Http11NioProtocol - Initializing ProtocolHandler ["http-nio-80"]
23:01:33.051 [main] INFO  org.apache.catalina.core.StandardService - Starting service [Tomcat]
23:01:33.053 [main] INFO  org.apache.catalina.core.StandardEngine - Starting Servlet engine: [Apache Tomcat/9.0.70]
23:01:33.225 [main] INFO  o.a.c.core.ContainerBase.[Tomcat].[localhost].[/] - Initializing Spring embedded WebApplicationContext
23:01:33.225 [main] INFO  o.s.b.w.s.c.ServletWebServerApplicationContext - Root WebApplicationContext: initialization completed in 1683 ms
23:01:34.973 [main] INFO  o.s.security.web.DefaultSecurityFilterChain - Will secure any request with [org.springframework.security.web.session.DisableEncodeUrlFilter@164642a4, org.springframework.security.web.context.request.async.WebAsyncManagerIntegrationFilter@75cf0de5, org.springframework.security.web.context.SecurityContextPersistenceFilter@7645f03e, org.springframework.security.web.header.HeaderWriterFilter@55b5cd2b, org.springframework.web.filter.CorsFilter@50b0afd7, org.springframework.security.web.authentication.logout.LogoutFilter@5489b1f7, org.springframework.security.web.authentication.UsernamePasswordAuthenticationFilter@51bddd98, org.springframework.security.web.savedrequest.RequestCacheAwareFilter@3d299393, org.springframework.security.web.servletapi.SecurityContextHolderAwareRequestFilter@5dc769f9, org.springframework.security.web.authentication.AnonymousAuthenticationFilter@468173fa, org.springframework.security.web.session.SessionManagementFilter@51a651c1, org.springframework.security.web.access.ExceptionTranslationFilter@297c9a9b, org.springframework.security.web.access.intercept.FilterSecurityInterceptor@e09f1b6]
23:01:35.041 [main] INFO  org.apache.coyote.http11.Http11NioProtocol - Starting ProtocolHandler ["http-nio-80"]
23:01:35.059 [main] INFO  o.s.boot.web.embedded.tomcat.TomcatWebServer - Tomcat started on port(s): 80 (http) with context path ''
23:01:35.071 [main] INFO  com.aopolex.travel.TravelApplication - Started TravelApplication in 4.15 seconds (JVM running for 5.129)
23:01:43.043 [http-nio-80-exec-1] INFO  o.a.c.core.ContainerBase.[Tomcat].[localhost].[/] - Initializing Spring DispatcherServlet 'dispatcherServlet'
23:01:43.043 [http-nio-80-exec-1] INFO  org.springframework.web.servlet.DispatcherServlet - Initializing Servlet 'dispatcherServlet'
23:01:43.045 [http-nio-80-exec-1] INFO  org.springframework.web.servlet.DispatcherServlet - Completed initialization in 2 ms
23:01:43.610 [http-nio-80-exec-6] INFO  com.zaxxer.hikari.HikariDataSource - HikariPool-1 - Starting...
23:01:44.077 [http-nio-80-exec-6] INFO  com.zaxxer.hikari.HikariDataSource - HikariPool-1 - Start completed.
23:06:58.144 [SpringApplicationShutdownHook] INFO  com.zaxxer.hikari.HikariDataSource - HikariPool-1 - Shutdown initiated...
23:06:58.158 [SpringApplicationShutdownHook] INFO  com.zaxxer.hikari.HikariDataSource - HikariPool-1 - Shutdown completed.
23:07:03.177 [main] INFO  com.aopolex.travel.TravelApplication - Starting TravelApplication using Java 1.8.0_301 on LAPTOP-TMK1TVK9 with PID 17220 (D:\JavaProject\Travel\target\classes started by AoPoLex in D:\JavaProject\Travel)
23:07:03.180 [main] INFO  com.aopolex.travel.TravelApplication - No active profile set, falling back to 1 default profile: "default"
23:07:04.556 [main] INFO  o.s.boot.web.embedded.tomcat.TomcatWebServer - Tomcat initialized with port(s): 80 (http)
23:07:04.564 [main] INFO  org.apache.coyote.http11.Http11NioProtocol - Initializing ProtocolHandler ["http-nio-80"]
23:07:04.564 [main] INFO  org.apache.catalina.core.StandardService - Starting service [Tomcat]
23:07:04.566 [main] INFO  org.apache.catalina.core.StandardEngine - Starting Servlet engine: [Apache Tomcat/9.0.70]
23:07:04.740 [main] INFO  o.a.c.core.ContainerBase.[Tomcat].[localhost].[/] - Initializing Spring embedded WebApplicationContext
23:07:04.740 [main] INFO  o.s.b.w.s.c.ServletWebServerApplicationContext - Root WebApplicationContext: initialization completed in 1496 ms
23:07:07.355 [main] INFO  o.s.security.web.DefaultSecurityFilterChain - Will secure any request with [org.springframework.security.web.session.DisableEncodeUrlFilter@62765aec, org.springframework.security.web.context.request.async.WebAsyncManagerIntegrationFilter@6f5bd362, org.springframework.security.web.context.SecurityContextPersistenceFilter@daf22f0, org.springframework.security.web.header.HeaderWriterFilter@6c184d4d, org.springframework.web.filter.CorsFilter@3a401749, org.springframework.security.web.authentication.logout.LogoutFilter@51bddd98, org.springframework.security.web.authentication.UsernamePasswordAuthenticationFilter@161dd92a, org.springframework.security.web.savedrequest.RequestCacheAwareFilter@671ea6ff, org.springframework.security.web.servletapi.SecurityContextHolderAwareRequestFilter@61ae0d43, org.springframework.security.web.authentication.AnonymousAuthenticationFilter@7793ad58, org.springframework.security.web.session.SessionManagementFilter@158e9f6e, org.springframework.security.web.access.ExceptionTranslationFilter@2bc7db89, org.springframework.security.web.access.intercept.FilterSecurityInterceptor@5df63359]
23:07:07.522 [main] INFO  org.apache.coyote.http11.Http11NioProtocol - Starting ProtocolHandler ["http-nio-80"]
23:07:07.545 [main] INFO  o.s.boot.web.embedded.tomcat.TomcatWebServer - Tomcat started on port(s): 80 (http) with context path ''
23:07:07.561 [main] INFO  com.aopolex.travel.TravelApplication - Started TravelApplication in 5.017 seconds (JVM running for 5.978)
23:07:15.107 [http-nio-80-exec-1] INFO  o.a.c.core.ContainerBase.[Tomcat].[localhost].[/] - Initializing Spring DispatcherServlet 'dispatcherServlet'
23:07:15.107 [http-nio-80-exec-1] INFO  org.springframework.web.servlet.DispatcherServlet - Initializing Servlet 'dispatcherServlet'
23:07:15.109 [http-nio-80-exec-1] INFO  org.springframework.web.servlet.DispatcherServlet - Completed initialization in 2 ms
23:07:15.768 [http-nio-80-exec-3] INFO  com.zaxxer.hikari.HikariDataSource - HikariPool-1 - Starting...
23:07:16.341 [http-nio-80-exec-3] INFO  com.zaxxer.hikari.HikariDataSource - HikariPool-1 - Start completed.
23:13:21.434 [SpringApplicationShutdownHook] INFO  com.zaxxer.hikari.HikariDataSource - HikariPool-1 - Shutdown initiated...
23:13:21.445 [SpringApplicationShutdownHook] INFO  com.zaxxer.hikari.HikariDataSource - HikariPool-1 - Shutdown completed.
23:13:25.792 [main] INFO  com.aopolex.travel.TravelApplication - Starting TravelApplication using Java 1.8.0_301 on LAPTOP-TMK1TVK9 with PID 1768 (D:\JavaProject\Travel\target\classes started by AoPoLex in D:\JavaProject\Travel)
23:13:25.796 [main] INFO  com.aopolex.travel.TravelApplication - No active profile set, falling back to 1 default profile: "default"
23:13:27.082 [main] INFO  o.s.boot.web.embedded.tomcat.TomcatWebServer - Tomcat initialized with port(s): 80 (http)
23:13:27.089 [main] INFO  org.apache.coyote.http11.Http11NioProtocol - Initializing ProtocolHandler ["http-nio-80"]
23:13:27.090 [main] INFO  org.apache.catalina.core.StandardService - Starting service [Tomcat]
23:13:27.090 [main] INFO  org.apache.catalina.core.StandardEngine - Starting Servlet engine: [Apache Tomcat/9.0.70]
23:13:27.259 [main] INFO  o.a.c.core.ContainerBase.[Tomcat].[localhost].[/] - Initializing Spring embedded WebApplicationContext
23:13:27.259 [main] INFO  o.s.b.w.s.c.ServletWebServerApplicationContext - Root WebApplicationContext: initialization completed in 1410 ms
23:13:28.909 [main] INFO  o.s.security.web.DefaultSecurityFilterChain - Will secure any request with [org.springframework.security.web.session.DisableEncodeUrlFilter@f0a66bd, org.springframework.security.web.context.request.async.WebAsyncManagerIntegrationFilter@460b50df, org.springframework.security.web.context.SecurityContextPersistenceFilter@1b482cbf, org.springframework.security.web.header.HeaderWriterFilter@66a53104, org.springframework.web.filter.CorsFilter@1cf336fd, org.springframework.security.web.authentication.logout.LogoutFilter@2b4d4327, org.springframework.security.web.authentication.UsernamePasswordAuthenticationFilter@5dc769f9, org.springframework.security.web.savedrequest.RequestCacheAwareFilter@66223d94, org.springframework.security.web.servletapi.SecurityContextHolderAwareRequestFilter@51a651c1, org.springframework.security.web.authentication.AnonymousAuthenticationFilter@1d0cac30, org.springframework.security.web.session.SessionManagementFilter@6f825516, org.springframework.security.web.access.ExceptionTranslationFilter@733ec58b, org.springframework.security.web.access.intercept.FilterSecurityInterceptor@2fd72332]
23:13:28.967 [main] INFO  org.apache.coyote.http11.Http11NioProtocol - Starting ProtocolHandler ["http-nio-80"]
23:13:28.983 [main] INFO  o.s.boot.web.embedded.tomcat.TomcatWebServer - Tomcat started on port(s): 80 (http) with context path ''
23:13:28.991 [main] INFO  com.aopolex.travel.TravelApplication - Started TravelApplication in 3.709 seconds (JVM running for 4.715)
23:13:31.166 [http-nio-80-exec-1] INFO  o.a.c.core.ContainerBase.[Tomcat].[localhost].[/] - Initializing Spring DispatcherServlet 'dispatcherServlet'
23:13:31.166 [http-nio-80-exec-1] INFO  org.springframework.web.servlet.DispatcherServlet - Initializing Servlet 'dispatcherServlet'
23:13:31.168 [http-nio-80-exec-1] INFO  org.springframework.web.servlet.DispatcherServlet - Completed initialization in 1 ms
23:13:31.231 [http-nio-80-exec-1] INFO  com.zaxxer.hikari.HikariDataSource - HikariPool-1 - Starting...
23:13:31.722 [http-nio-80-exec-1] INFO  com.zaxxer.hikari.HikariDataSource - HikariPool-1 - Start completed.
23:23:36.158 [SpringApplicationShutdownHook] INFO  com.zaxxer.hikari.HikariDataSource - HikariPool-1 - Shutdown initiated...
23:23:36.169 [SpringApplicationShutdownHook] INFO  com.zaxxer.hikari.HikariDataSource - HikariPool-1 - Shutdown completed.
23:23:42.995 [main] INFO  com.aopolex.travel.TravelApplication - Starting TravelApplication using Java 1.8.0_301 on LAPTOP-TMK1TVK9 with PID 2272 (D:\JavaProject\Travel\target\classes started by AoPoLex in D:\JavaProject\Travel)
23:23:42.999 [main] INFO  com.aopolex.travel.TravelApplication - No active profile set, falling back to 1 default profile: "default"
23:23:44.355 [main] INFO  o.s.boot.web.embedded.tomcat.TomcatWebServer - Tomcat initialized with port(s): 80 (http)
23:23:44.363 [main] INFO  org.apache.coyote.http11.Http11NioProtocol - Initializing ProtocolHandler ["http-nio-80"]
23:23:44.363 [main] INFO  org.apache.catalina.core.StandardService - Starting service [Tomcat]
23:23:44.363 [main] INFO  org.apache.catalina.core.StandardEngine - Starting Servlet engine: [Apache Tomcat/9.0.70]
23:23:44.513 [main] INFO  o.a.c.core.ContainerBase.[Tomcat].[localhost].[/] - Initializing Spring embedded WebApplicationContext
23:23:44.513 [main] INFO  o.s.b.w.s.c.ServletWebServerApplicationContext - Root WebApplicationContext: initialization completed in 1460 ms
23:23:46.312 [main] INFO  o.s.security.web.DefaultSecurityFilterChain - Will secure any request with [org.springframework.security.web.session.DisableEncodeUrlFilter@7fad214a, org.springframework.security.web.context.request.async.WebAsyncManagerIntegrationFilter@164642a4, org.springframework.security.web.context.SecurityContextPersistenceFilter@6c184d4d, org.springframework.security.web.header.HeaderWriterFilter@220c9a63, org.springframework.web.filter.CorsFilter@75cf0de5, org.springframework.security.web.authentication.logout.LogoutFilter@49fb0bbd, org.springframework.security.web.authentication.UsernamePasswordAuthenticationFilter@48a2db72, org.springframework.security.web.savedrequest.RequestCacheAwareFilter@4b1ec694, org.springframework.security.web.servletapi.SecurityContextHolderAwareRequestFilter@1c52552f, org.springframework.security.web.authentication.AnonymousAuthenticationFilter@50b0afd7, org.springframework.security.web.session.SessionManagementFilter@40bb4f87, org.springframework.security.web.access.ExceptionTranslationFilter@76cf841, org.springframework.security.web.access.intercept.FilterSecurityInterceptor@718f805a]
23:23:46.410 [main] INFO  org.apache.coyote.http11.Http11NioProtocol - Starting ProtocolHandler ["http-nio-80"]
23:23:46.428 [main] INFO  o.s.boot.web.embedded.tomcat.TomcatWebServer - Tomcat started on port(s): 80 (http) with context path ''
23:23:46.439 [main] INFO  com.aopolex.travel.TravelApplication - Started TravelApplication in 3.977 seconds (JVM running for 4.894)
23:24:04.138 [http-nio-80-exec-1] INFO  o.a.c.core.ContainerBase.[Tomcat].[localhost].[/] - Initializing Spring DispatcherServlet 'dispatcherServlet'
23:24:04.140 [http-nio-80-exec-1] INFO  org.springframework.web.servlet.DispatcherServlet - Initializing Servlet 'dispatcherServlet'
23:24:04.141 [http-nio-80-exec-1] INFO  org.springframework.web.servlet.DispatcherServlet - Completed initialization in 1 ms
23:24:04.208 [http-nio-80-exec-1] INFO  com.zaxxer.hikari.HikariDataSource - HikariPool-1 - Starting...
23:24:04.762 [http-nio-80-exec-1] INFO  com.zaxxer.hikari.HikariDataSource - HikariPool-1 - Start completed.
14:31:17.060 [HikariPool-1 housekeeper] WARN  com.zaxxer.hikari.pool.HikariPool - HikariPool-1 - Thread starvation or clock leap detected (housekeeper delta=14h12m11s416ms251µs199ns).
15:15:55.137 [SpringApplicationShutdownHook] INFO  com.zaxxer.hikari.HikariDataSource - HikariPool-1 - Shutdown initiated...
15:15:55.148 [SpringApplicationShutdownHook] INFO  com.zaxxer.hikari.HikariDataSource - HikariPool-1 - Shutdown completed.
