15:16:03.807 [main] INFO  com.aopolex.travel.TravelApplication - Starting TravelApplication using Java 1.8.0_301 on LAPTOP-TMK1TVK9 with PID 16788 (D:\JavaProject\Travel\target\classes started by AoPoLex in D:\JavaProject\Travel)
15:16:03.810 [main] INFO  com.aopolex.travel.TravelApplication - No active profile set, falling back to 1 default profile: "default"
15:16:05.240 [main] INFO  o.s.boot.web.embedded.tomcat.TomcatWebServer - Tomcat initialized with port(s): 80 (http)
15:16:05.248 [main] INFO  org.apache.coyote.http11.Http11NioProtocol - Initializing ProtocolHandler ["http-nio-80"]
15:16:05.249 [main] INFO  org.apache.catalina.core.StandardService - Starting service [Tomcat]
15:16:05.249 [main] INFO  org.apache.catalina.core.StandardEngine - Starting Servlet engine: [Apache Tomcat/9.0.70]
15:16:05.406 [main] INFO  o.a.c.core.ContainerBase.[Tomcat].[localhost].[/] - Initializing Spring embedded WebApplicationContext
15:16:05.406 [main] INFO  o.s.b.w.s.c.ServletWebServerApplicationContext - Root WebApplicationContext: initialization completed in 1532 ms
15:16:07.412 [main] INFO  o.s.security.web.DefaultSecurityFilterChain - Will secure any request with [org.springframework.security.web.session.DisableEncodeUrlFilter@7fad214a, org.springframework.security.web.context.request.async.WebAsyncManagerIntegrationFilter@164642a4, org.springframework.security.web.context.SecurityContextPersistenceFilter@6c184d4d, org.springframework.security.web.header.HeaderWriterFilter@220c9a63, org.springframework.web.filter.CorsFilter@75cf0de5, org.springframework.security.web.authentication.logout.LogoutFilter@49fb0bbd, org.springframework.security.web.authentication.UsernamePasswordAuthenticationFilter@48a2db72, org.springframework.security.web.savedrequest.RequestCacheAwareFilter@4b1ec694, org.springframework.security.web.servletapi.SecurityContextHolderAwareRequestFilter@1c52552f, org.springframework.security.web.authentication.AnonymousAuthenticationFilter@50b0afd7, org.springframework.security.web.session.SessionManagementFilter@40bb4f87, org.springframework.security.web.access.ExceptionTranslationFilter@76cf841, org.springframework.security.web.access.intercept.FilterSecurityInterceptor@718f805a]
15:16:07.468 [main] INFO  org.apache.coyote.http11.Http11NioProtocol - Starting ProtocolHandler ["http-nio-80"]
15:16:07.483 [main] INFO  o.s.boot.web.embedded.tomcat.TomcatWebServer - Tomcat started on port(s): 80 (http) with context path ''
15:16:07.494 [main] INFO  com.aopolex.travel.TravelApplication - Started TravelApplication in 4.176 seconds (JVM running for 4.996)
15:16:10.329 [http-nio-80-exec-1] INFO  o.a.c.core.ContainerBase.[Tomcat].[localhost].[/] - Initializing Spring DispatcherServlet 'dispatcherServlet'
15:16:10.329 [http-nio-80-exec-1] INFO  org.springframework.web.servlet.DispatcherServlet - Initializing Servlet 'dispatcherServlet'
15:16:10.330 [http-nio-80-exec-1] INFO  org.springframework.web.servlet.DispatcherServlet - Completed initialization in 0 ms
15:16:10.379 [http-nio-80-exec-1] INFO  com.zaxxer.hikari.HikariDataSource - HikariPool-1 - Starting...
15:16:10.834 [http-nio-80-exec-1] INFO  com.zaxxer.hikari.HikariDataSource - HikariPool-1 - Start completed.
15:41:29.018 [SpringApplicationShutdownHook] INFO  com.zaxxer.hikari.HikariDataSource - HikariPool-1 - Shutdown initiated...
15:41:29.029 [SpringApplicationShutdownHook] INFO  com.zaxxer.hikari.HikariDataSource - HikariPool-1 - Shutdown completed.
15:41:35.466 [main] INFO  com.aopolex.travel.TravelApplication - Starting TravelApplication using Java 1.8.0_301 on LAPTOP-TMK1TVK9 with PID 15868 (D:\JavaProject\Travel\target\classes started by AoPoLex in D:\JavaProject\Travel)
15:41:35.468 [main] INFO  com.aopolex.travel.TravelApplication - No active profile set, falling back to 1 default profile: "default"
15:41:36.793 [main] INFO  o.s.boot.web.embedded.tomcat.TomcatWebServer - Tomcat initialized with port(s): 80 (http)
15:41:36.800 [main] INFO  org.apache.coyote.http11.Http11NioProtocol - Initializing ProtocolHandler ["http-nio-80"]
15:41:36.800 [main] INFO  org.apache.catalina.core.StandardService - Starting service [Tomcat]
15:41:36.801 [main] INFO  org.apache.catalina.core.StandardEngine - Starting Servlet engine: [Apache Tomcat/9.0.70]
15:41:36.930 [main] INFO  o.a.c.core.ContainerBase.[Tomcat].[localhost].[/] - Initializing Spring embedded WebApplicationContext
15:41:36.930 [main] INFO  o.s.b.w.s.c.ServletWebServerApplicationContext - Root WebApplicationContext: initialization completed in 1413 ms
15:41:38.629 [main] INFO  o.s.security.web.DefaultSecurityFilterChain - Will secure any request with [org.springframework.security.web.session.DisableEncodeUrlFilter@468173fa, org.springframework.security.web.context.request.async.WebAsyncManagerIntegrationFilter@62765aec, org.springframework.security.web.context.SecurityContextPersistenceFilter@54b2fc58, org.springframework.security.web.header.HeaderWriterFilter@173f1614, org.springframework.web.filter.CorsFilter@6f5bd362, org.springframework.security.web.authentication.logout.LogoutFilter@48a2db72, org.springframework.security.web.authentication.UsernamePasswordAuthenticationFilter@29f38091, org.springframework.security.web.savedrequest.RequestCacheAwareFilter@16da1abc, org.springframework.security.web.servletapi.SecurityContextHolderAwareRequestFilter@74024f3, org.springframework.security.web.authentication.AnonymousAuthenticationFilter@3a401749, org.springframework.security.web.session.SessionManagementFilter@7645f03e, org.springframework.security.web.access.ExceptionTranslationFilter@66223d94, org.springframework.security.web.access.intercept.FilterSecurityInterceptor@1c33e528]
15:41:38.690 [main] INFO  org.apache.coyote.http11.Http11NioProtocol - Starting ProtocolHandler ["http-nio-80"]
15:41:38.706 [main] INFO  o.s.boot.web.embedded.tomcat.TomcatWebServer - Tomcat started on port(s): 80 (http) with context path ''
15:41:38.719 [main] INFO  com.aopolex.travel.TravelApplication - Started TravelApplication in 3.752 seconds (JVM running for 4.587)
15:41:56.812 [http-nio-80-exec-2] INFO  o.a.c.core.ContainerBase.[Tomcat].[localhost].[/] - Initializing Spring DispatcherServlet 'dispatcherServlet'
15:41:56.812 [http-nio-80-exec-2] INFO  org.springframework.web.servlet.DispatcherServlet - Initializing Servlet 'dispatcherServlet'
15:41:56.814 [http-nio-80-exec-2] INFO  org.springframework.web.servlet.DispatcherServlet - Completed initialization in 1 ms
15:41:56.864 [http-nio-80-exec-2] INFO  com.zaxxer.hikari.HikariDataSource - HikariPool-1 - Starting...
15:41:57.332 [http-nio-80-exec-2] INFO  com.zaxxer.hikari.HikariDataSource - HikariPool-1 - Start completed.
17:25:26.409 [HikariPool-1 housekeeper] WARN  com.zaxxer.hikari.pool.HikariPool - HikariPool-1 - Thread starvation or clock leap detected (housekeeper delta=1h26m28s719ms139µs300ns).
17:41:40.048 [HikariPool-1 housekeeper] WARN  com.zaxxer.hikari.pool.HikariPool - HikariPool-1 - Thread starvation or clock leap detected (housekeeper delta=1m13s413ms225µs800ns).
18:17:02.383 [SpringApplicationShutdownHook] INFO  com.zaxxer.hikari.HikariDataSource - HikariPool-1 - Shutdown initiated...
18:17:02.387 [SpringApplicationShutdownHook] INFO  com.zaxxer.hikari.HikariDataSource - HikariPool-1 - Shutdown completed.
18:17:10.232 [main] INFO  com.aopolex.travel.TravelApplication - Starting TravelApplication using Java 1.8.0_301 on LAPTOP-TMK1TVK9 with PID 9008 (D:\JavaProject\Travel\target\classes started by AoPoLex in D:\JavaProject\Travel)
18:17:10.234 [main] INFO  com.aopolex.travel.TravelApplication - No active profile set, falling back to 1 default profile: "default"
18:17:11.745 [main] INFO  o.s.boot.web.embedded.tomcat.TomcatWebServer - Tomcat initialized with port(s): 80 (http)
18:17:11.754 [main] INFO  org.apache.coyote.http11.Http11NioProtocol - Initializing ProtocolHandler ["http-nio-80"]
18:17:11.754 [main] INFO  org.apache.catalina.core.StandardService - Starting service [Tomcat]
18:17:11.754 [main] INFO  org.apache.catalina.core.StandardEngine - Starting Servlet engine: [Apache Tomcat/9.0.70]
18:17:11.895 [main] INFO  o.a.c.core.ContainerBase.[Tomcat].[localhost].[/] - Initializing Spring embedded WebApplicationContext
18:17:11.895 [main] INFO  o.s.b.w.s.c.ServletWebServerApplicationContext - Root WebApplicationContext: initialization completed in 1594 ms
18:17:13.631 [main] INFO  o.s.security.web.DefaultSecurityFilterChain - Will secure any request with [org.springframework.security.web.session.DisableEncodeUrlFilter@7f323b3a, org.springframework.security.web.context.request.async.WebAsyncManagerIntegrationFilter@4f169009, org.springframework.security.web.context.SecurityContextPersistenceFilter@2b4d4327, org.springframework.security.web.header.HeaderWriterFilter@5426cb36, org.springframework.web.filter.CorsFilter@9dada78, org.springframework.security.web.authentication.logout.LogoutFilter@1624775, org.springframework.security.web.authentication.UsernamePasswordAuthenticationFilter@17fede14, org.springframework.security.web.savedrequest.RequestCacheAwareFilter@2e1b374c, org.springframework.security.web.servletapi.SecurityContextHolderAwareRequestFilter@9ab310b, org.springframework.security.web.authentication.AnonymousAuthenticationFilter@4207852d, org.springframework.security.web.session.SessionManagementFilter@4b1ec694, org.springframework.security.web.access.ExceptionTranslationFilter@220c9a63, org.springframework.security.web.access.intercept.FilterSecurityInterceptor@460b50df]
18:17:13.700 [main] INFO  org.apache.coyote.http11.Http11NioProtocol - Starting ProtocolHandler ["http-nio-80"]
18:17:13.715 [main] INFO  o.s.boot.web.embedded.tomcat.TomcatWebServer - Tomcat started on port(s): 80 (http) with context path ''
18:17:13.725 [main] INFO  com.aopolex.travel.TravelApplication - Started TravelApplication in 4.091 seconds (JVM running for 5.147)
18:17:14.781 [http-nio-80-exec-1] INFO  o.a.c.core.ContainerBase.[Tomcat].[localhost].[/] - Initializing Spring DispatcherServlet 'dispatcherServlet'
18:17:14.781 [http-nio-80-exec-1] INFO  org.springframework.web.servlet.DispatcherServlet - Initializing Servlet 'dispatcherServlet'
18:17:14.782 [http-nio-80-exec-1] INFO  org.springframework.web.servlet.DispatcherServlet - Completed initialization in 1 ms
18:17:23.760 [http-nio-80-exec-9] INFO  com.zaxxer.hikari.HikariDataSource - HikariPool-1 - Starting...
18:17:24.231 [http-nio-80-exec-9] INFO  com.zaxxer.hikari.HikariDataSource - HikariPool-1 - Start completed.
20:09:28.491 [HikariPool-1 housekeeper] WARN  com.zaxxer.hikari.pool.HikariPool - HikariPool-1 - Thread starvation or clock leap detected (housekeeper delta=1h17m33s658ms216µs).
20:38:27.010 [HikariPool-1 housekeeper] WARN  com.zaxxer.hikari.pool.HikariPool - HikariPool-1 - Thread starvation or clock leap detected (housekeeper delta=13m58s226ms18µs200ns).
21:01:42.053 [SpringApplicationShutdownHook] INFO  com.zaxxer.hikari.HikariDataSource - HikariPool-1 - Shutdown initiated...
21:01:42.061 [SpringApplicationShutdownHook] INFO  com.zaxxer.hikari.HikariDataSource - HikariPool-1 - Shutdown completed.
21:01:48.054 [main] INFO  com.aopolex.travel.TravelApplication - Starting TravelApplication using Java 1.8.0_301 on LAPTOP-TMK1TVK9 with PID 19632 (D:\JavaProject\Travel\target\classes started by AoPoLex in D:\JavaProject\Travel)
21:01:48.058 [main] INFO  com.aopolex.travel.TravelApplication - No active profile set, falling back to 1 default profile: "default"
21:01:49.827 [main] INFO  o.s.boot.web.embedded.tomcat.TomcatWebServer - Tomcat initialized with port(s): 80 (http)
21:01:49.836 [main] INFO  org.apache.coyote.http11.Http11NioProtocol - Initializing ProtocolHandler ["http-nio-80"]
21:01:49.838 [main] INFO  org.apache.catalina.core.StandardService - Starting service [Tomcat]
21:01:49.838 [main] INFO  org.apache.catalina.core.StandardEngine - Starting Servlet engine: [Apache Tomcat/9.0.70]
21:01:49.989 [main] INFO  o.a.c.core.ContainerBase.[Tomcat].[localhost].[/] - Initializing Spring embedded WebApplicationContext
21:01:49.989 [main] INFO  o.s.b.w.s.c.ServletWebServerApplicationContext - Root WebApplicationContext: initialization completed in 1861 ms
21:01:51.967 [main] INFO  o.s.security.web.DefaultSecurityFilterChain - Will secure any request with [org.springframework.security.web.session.DisableEncodeUrlFilter@fe09383, org.springframework.security.web.context.request.async.WebAsyncManagerIntegrationFilter@28e0e464, org.springframework.security.web.context.SecurityContextPersistenceFilter@54e43bfe, org.springframework.security.web.header.HeaderWriterFilter@86d6bf7, org.springframework.web.filter.CorsFilter@1d98daa0, org.springframework.security.web.authentication.logout.LogoutFilter@e09f1b6, org.springframework.security.web.authentication.UsernamePasswordAuthenticationFilter@5df63359, org.springframework.security.web.savedrequest.RequestCacheAwareFilter@bf75b5c, org.springframework.security.web.servletapi.SecurityContextHolderAwareRequestFilter@3290b1a6, org.springframework.security.web.authentication.AnonymousAuthenticationFilter@70a898b0, org.springframework.security.web.session.SessionManagementFilter@4ed15347, org.springframework.security.web.access.ExceptionTranslationFilter@68c9e023, org.springframework.security.web.access.intercept.FilterSecurityInterceptor@217c23ce]
21:01:52.029 [main] INFO  org.apache.coyote.http11.Http11NioProtocol - Starting ProtocolHandler ["http-nio-80"]
21:01:52.048 [main] INFO  o.s.boot.web.embedded.tomcat.TomcatWebServer - Tomcat started on port(s): 80 (http) with context path ''
21:01:52.060 [main] INFO  com.aopolex.travel.TravelApplication - Started TravelApplication in 4.609 seconds (JVM running for 5.629)
21:04:29.747 [main] INFO  o.s.b.t.context.SpringBootTestContextBootstrapper - Neither @ContextConfiguration nor @ContextHierarchy found for test class [com.aopolex.travel.TravelApplicationTests], using SpringBootContextLoader
21:04:29.767 [main] INFO  o.s.test.context.support.AbstractContextLoader - Could not detect default resource locations for test class [com.aopolex.travel.TravelApplicationTests]: no resource found for suffixes {-context.xml, Context.groovy}.
21:04:29.769 [main] INFO  o.s.t.c.support.AnnotationConfigContextLoaderUtils - Could not detect default configuration classes for test class [com.aopolex.travel.TravelApplicationTests]: TravelApplicationTests does not declare any static, non-private, non-final, nested classes annotated with @Configuration.
21:04:29.938 [main] INFO  o.s.b.t.context.SpringBootTestContextBootstrapper - Found @SpringBootConfiguration com.aopolex.travel.TravelApplication for test class com.aopolex.travel.TravelApplicationTests
21:04:30.080 [main] INFO  o.s.b.t.context.SpringBootTestContextBootstrapper - Loaded default TestExecutionListener class names from location [META-INF/spring.factories]: [org.springframework.boot.test.mock.mockito.MockitoTestExecutionListener, org.springframework.boot.test.mock.mockito.ResetMocksTestExecutionListener, org.springframework.boot.test.autoconfigure.restdocs.RestDocsTestExecutionListener, org.springframework.boot.test.autoconfigure.web.client.MockRestServiceServerResetTestExecutionListener, org.springframework.boot.test.autoconfigure.web.servlet.MockMvcPrintOnlyOnFailureTestExecutionListener, org.springframework.boot.test.autoconfigure.web.servlet.WebDriverTestExecutionListener, org.springframework.boot.test.autoconfigure.webservices.client.MockWebServiceServerTestExecutionListener, org.springframework.test.context.web.ServletTestExecutionListener, org.springframework.test.context.support.DirtiesContextBeforeModesTestExecutionListener, org.springframework.test.context.event.ApplicationEventsTestExecutionListener, org.springframework.test.context.support.DependencyInjectionTestExecutionListener, org.springframework.test.context.support.DirtiesContextTestExecutionListener, org.springframework.test.context.transaction.TransactionalTestExecutionListener, org.springframework.test.context.jdbc.SqlScriptsTestExecutionListener, org.springframework.test.context.event.EventPublishingTestExecutionListener]
21:04:30.104 [main] INFO  o.s.b.t.context.SpringBootTestContextBootstrapper - Using TestExecutionListeners: [org.springframework.test.context.web.ServletTestExecutionListener@39b43d60, org.springframework.test.context.support.DirtiesContextBeforeModesTestExecutionListener@44be0077, org.springframework.test.context.event.ApplicationEventsTestExecutionListener@2205a05d, org.springframework.boot.test.mock.mockito.MockitoTestExecutionListener@72ef8d15, org.springframework.boot.test.autoconfigure.SpringBootDependencyInjectionTestExecutionListener@6aa8e115, org.springframework.test.context.support.DirtiesContextTestExecutionListener@5e21e98f, org.springframework.test.context.transaction.TransactionalTestExecutionListener@51a9ad5e, org.springframework.test.context.jdbc.SqlScriptsTestExecutionListener@5f20155b, org.springframework.test.context.event.EventPublishingTestExecutionListener@72ade7e3, org.springframework.boot.test.mock.mockito.ResetMocksTestExecutionListener@239105a8, org.springframework.boot.test.autoconfigure.restdocs.RestDocsTestExecutionListener@3fce8fd9, org.springframework.boot.test.autoconfigure.web.client.MockRestServiceServerResetTestExecutionListener@609bcfb6, org.springframework.boot.test.autoconfigure.web.servlet.MockMvcPrintOnlyOnFailureTestExecutionListener@7d94beb9, org.springframework.boot.test.autoconfigure.web.servlet.WebDriverTestExecutionListener@560348e6, org.springframework.boot.test.autoconfigure.webservices.client.MockWebServiceServerTestExecutionListener@1df8b5b8]
21:04:30.598 [main] INFO  com.aopolex.travel.TravelApplicationTests - Starting TravelApplicationTests using Java 1.8.0_301 on LAPTOP-TMK1TVK9 with PID 3464 (started by AoPoLex in D:\JavaProject\Travel)
21:04:30.600 [main] INFO  com.aopolex.travel.TravelApplicationTests - No active profile set, falling back to 1 default profile: "default"
21:04:36.800 [main] INFO  o.s.security.web.DefaultSecurityFilterChain - Will secure any request with [org.springframework.security.web.session.DisableEncodeUrlFilter@3086f480, org.springframework.security.web.context.request.async.WebAsyncManagerIntegrationFilter@126f8f24, org.springframework.security.web.context.SecurityContextPersistenceFilter@26582ca, org.springframework.security.web.header.HeaderWriterFilter@1f78d415, org.springframework.web.filter.CorsFilter@35e98af, org.springframework.security.web.authentication.logout.LogoutFilter@2dd1086, org.springframework.security.web.authentication.UsernamePasswordAuthenticationFilter@4b41587d, org.springframework.security.web.savedrequest.RequestCacheAwareFilter@3a1b36a1, org.springframework.security.web.servletapi.SecurityContextHolderAwareRequestFilter@256a0d95, org.springframework.security.web.authentication.AnonymousAuthenticationFilter@781aff8b, org.springframework.security.web.session.SessionManagementFilter@27960b1e, org.springframework.security.web.access.ExceptionTranslationFilter@5dbbb292, org.springframework.security.web.access.intercept.FilterSecurityInterceptor@67f9cb52]
21:04:37.057 [main] INFO  com.aopolex.travel.TravelApplicationTests - Started TravelApplicationTests in 6.907 seconds (JVM running for 8.259)
21:04:37.643 [main] INFO  com.zaxxer.hikari.HikariDataSource - HikariPool-1 - Starting...
21:04:38.704 [main] INFO  com.zaxxer.hikari.HikariDataSource - HikariPool-1 - Start completed.
21:04:40.685 [SpringApplicationShutdownHook] INFO  com.zaxxer.hikari.HikariDataSource - HikariPool-1 - Shutdown initiated...
21:04:40.702 [SpringApplicationShutdownHook] INFO  com.zaxxer.hikari.HikariDataSource - HikariPool-1 - Shutdown completed.
21:16:00.931 [main] INFO  o.s.b.t.context.SpringBootTestContextBootstrapper - Neither @ContextConfiguration nor @ContextHierarchy found for test class [com.aopolex.travel.TravelApplicationTests], using SpringBootContextLoader
21:16:00.936 [main] INFO  o.s.test.context.support.AbstractContextLoader - Could not detect default resource locations for test class [com.aopolex.travel.TravelApplicationTests]: no resource found for suffixes {-context.xml, Context.groovy}.
21:16:00.936 [main] INFO  o.s.t.c.support.AnnotationConfigContextLoaderUtils - Could not detect default configuration classes for test class [com.aopolex.travel.TravelApplicationTests]: TravelApplicationTests does not declare any static, non-private, non-final, nested classes annotated with @Configuration.
21:16:01.082 [main] INFO  o.s.b.t.context.SpringBootTestContextBootstrapper - Found @SpringBootConfiguration com.aopolex.travel.TravelApplication for test class com.aopolex.travel.TravelApplicationTests
21:16:01.202 [main] INFO  o.s.b.t.context.SpringBootTestContextBootstrapper - Loaded default TestExecutionListener class names from location [META-INF/spring.factories]: [org.springframework.boot.test.mock.mockito.MockitoTestExecutionListener, org.springframework.boot.test.mock.mockito.ResetMocksTestExecutionListener, org.springframework.boot.test.autoconfigure.restdocs.RestDocsTestExecutionListener, org.springframework.boot.test.autoconfigure.web.client.MockRestServiceServerResetTestExecutionListener, org.springframework.boot.test.autoconfigure.web.servlet.MockMvcPrintOnlyOnFailureTestExecutionListener, org.springframework.boot.test.autoconfigure.web.servlet.WebDriverTestExecutionListener, org.springframework.boot.test.autoconfigure.webservices.client.MockWebServiceServerTestExecutionListener, org.springframework.test.context.web.ServletTestExecutionListener, org.springframework.test.context.support.DirtiesContextBeforeModesTestExecutionListener, org.springframework.test.context.event.ApplicationEventsTestExecutionListener, org.springframework.test.context.support.DependencyInjectionTestExecutionListener, org.springframework.test.context.support.DirtiesContextTestExecutionListener, org.springframework.test.context.transaction.TransactionalTestExecutionListener, org.springframework.test.context.jdbc.SqlScriptsTestExecutionListener, org.springframework.test.context.event.EventPublishingTestExecutionListener]
21:16:01.225 [main] INFO  o.s.b.t.context.SpringBootTestContextBootstrapper - Using TestExecutionListeners: [org.springframework.test.context.web.ServletTestExecutionListener@39b43d60, org.springframework.test.context.support.DirtiesContextBeforeModesTestExecutionListener@44be0077, org.springframework.test.context.event.ApplicationEventsTestExecutionListener@2205a05d, org.springframework.boot.test.mock.mockito.MockitoTestExecutionListener@72ef8d15, org.springframework.boot.test.autoconfigure.SpringBootDependencyInjectionTestExecutionListener@6aa8e115, org.springframework.test.context.support.DirtiesContextTestExecutionListener@5e21e98f, org.springframework.test.context.transaction.TransactionalTestExecutionListener@51a9ad5e, org.springframework.test.context.jdbc.SqlScriptsTestExecutionListener@5f20155b, org.springframework.test.context.event.EventPublishingTestExecutionListener@72ade7e3, org.springframework.boot.test.mock.mockito.ResetMocksTestExecutionListener@239105a8, org.springframework.boot.test.autoconfigure.restdocs.RestDocsTestExecutionListener@3fce8fd9, org.springframework.boot.test.autoconfigure.web.client.MockRestServiceServerResetTestExecutionListener@609bcfb6, org.springframework.boot.test.autoconfigure.web.servlet.MockMvcPrintOnlyOnFailureTestExecutionListener@7d94beb9, org.springframework.boot.test.autoconfigure.web.servlet.WebDriverTestExecutionListener@560348e6, org.springframework.boot.test.autoconfigure.webservices.client.MockWebServiceServerTestExecutionListener@1df8b5b8]
21:16:01.634 [main] INFO  com.aopolex.travel.TravelApplicationTests - Starting TravelApplicationTests using Java 1.8.0_301 on LAPTOP-TMK1TVK9 with PID 12116 (started by AoPoLex in D:\JavaProject\Travel)
21:16:01.634 [main] INFO  com.aopolex.travel.TravelApplicationTests - No active profile set, falling back to 1 default profile: "default"
21:16:06.471 [main] INFO  o.s.security.web.DefaultSecurityFilterChain - Will secure any request with [org.springframework.security.web.session.DisableEncodeUrlFilter@31f77791, org.springframework.security.web.context.request.async.WebAsyncManagerIntegrationFilter@552fee7a, org.springframework.security.web.context.SecurityContextPersistenceFilter@9cfc77, org.springframework.security.web.header.HeaderWriterFilter@31834a2b, org.springframework.web.filter.CorsFilter@548e43b1, org.springframework.security.web.authentication.logout.LogoutFilter@50b734c4, org.springframework.security.web.authentication.UsernamePasswordAuthenticationFilter@ab4aa5e, org.springframework.security.web.savedrequest.RequestCacheAwareFilter@6ee88e21, org.springframework.security.web.servletapi.SecurityContextHolderAwareRequestFilter@2dd1086, org.springframework.security.web.authentication.AnonymousAuthenticationFilter@67688110, org.springframework.security.web.session.SessionManagementFilter@22ead351, org.springframework.security.web.access.ExceptionTranslationFilter@4b55ff0a, org.springframework.security.web.access.intercept.FilterSecurityInterceptor@4cffd3fd]
21:16:06.651 [main] INFO  com.aopolex.travel.TravelApplicationTests - Started TravelApplicationTests in 5.388 seconds (JVM running for 6.512)
21:16:06.974 [main] INFO  com.zaxxer.hikari.HikariDataSource - HikariPool-1 - Starting...
21:16:07.735 [main] INFO  com.zaxxer.hikari.HikariDataSource - HikariPool-1 - Start completed.
21:16:28.370 [main] INFO  o.s.b.t.context.SpringBootTestContextBootstrapper - Neither @ContextConfiguration nor @ContextHierarchy found for test class [com.aopolex.travel.TravelApplicationTests], using SpringBootContextLoader
21:16:28.377 [main] INFO  o.s.test.context.support.AbstractContextLoader - Could not detect default resource locations for test class [com.aopolex.travel.TravelApplicationTests]: no resource found for suffixes {-context.xml, Context.groovy}.
21:16:28.377 [main] INFO  o.s.t.c.support.AnnotationConfigContextLoaderUtils - Could not detect default configuration classes for test class [com.aopolex.travel.TravelApplicationTests]: TravelApplicationTests does not declare any static, non-private, non-final, nested classes annotated with @Configuration.
21:16:28.519 [main] INFO  o.s.b.t.context.SpringBootTestContextBootstrapper - Found @SpringBootConfiguration com.aopolex.travel.TravelApplication for test class com.aopolex.travel.TravelApplicationTests
21:16:28.636 [main] INFO  o.s.b.t.context.SpringBootTestContextBootstrapper - Loaded default TestExecutionListener class names from location [META-INF/spring.factories]: [org.springframework.boot.test.mock.mockito.MockitoTestExecutionListener, org.springframework.boot.test.mock.mockito.ResetMocksTestExecutionListener, org.springframework.boot.test.autoconfigure.restdocs.RestDocsTestExecutionListener, org.springframework.boot.test.autoconfigure.web.client.MockRestServiceServerResetTestExecutionListener, org.springframework.boot.test.autoconfigure.web.servlet.MockMvcPrintOnlyOnFailureTestExecutionListener, org.springframework.boot.test.autoconfigure.web.servlet.WebDriverTestExecutionListener, org.springframework.boot.test.autoconfigure.webservices.client.MockWebServiceServerTestExecutionListener, org.springframework.test.context.web.ServletTestExecutionListener, org.springframework.test.context.support.DirtiesContextBeforeModesTestExecutionListener, org.springframework.test.context.event.ApplicationEventsTestExecutionListener, org.springframework.test.context.support.DependencyInjectionTestExecutionListener, org.springframework.test.context.support.DirtiesContextTestExecutionListener, org.springframework.test.context.transaction.TransactionalTestExecutionListener, org.springframework.test.context.jdbc.SqlScriptsTestExecutionListener, org.springframework.test.context.event.EventPublishingTestExecutionListener]
21:16:28.651 [main] INFO  o.s.b.t.context.SpringBootTestContextBootstrapper - Using TestExecutionListeners: [org.springframework.test.context.web.ServletTestExecutionListener@39b43d60, org.springframework.test.context.support.DirtiesContextBeforeModesTestExecutionListener@44be0077, org.springframework.test.context.event.ApplicationEventsTestExecutionListener@2205a05d, org.springframework.boot.test.mock.mockito.MockitoTestExecutionListener@72ef8d15, org.springframework.boot.test.autoconfigure.SpringBootDependencyInjectionTestExecutionListener@6aa8e115, org.springframework.test.context.support.DirtiesContextTestExecutionListener@5e21e98f, org.springframework.test.context.transaction.TransactionalTestExecutionListener@51a9ad5e, org.springframework.test.context.jdbc.SqlScriptsTestExecutionListener@5f20155b, org.springframework.test.context.event.EventPublishingTestExecutionListener@72ade7e3, org.springframework.boot.test.mock.mockito.ResetMocksTestExecutionListener@239105a8, org.springframework.boot.test.autoconfigure.restdocs.RestDocsTestExecutionListener@3fce8fd9, org.springframework.boot.test.autoconfigure.web.client.MockRestServiceServerResetTestExecutionListener@609bcfb6, org.springframework.boot.test.autoconfigure.web.servlet.MockMvcPrintOnlyOnFailureTestExecutionListener@7d94beb9, org.springframework.boot.test.autoconfigure.web.servlet.WebDriverTestExecutionListener@560348e6, org.springframework.boot.test.autoconfigure.webservices.client.MockWebServiceServerTestExecutionListener@1df8b5b8]
21:16:29.067 [main] INFO  com.aopolex.travel.TravelApplicationTests - Starting TravelApplicationTests using Java 1.8.0_301 on LAPTOP-TMK1TVK9 with PID 4964 (started by AoPoLex in D:\JavaProject\Travel)
21:16:29.068 [main] INFO  com.aopolex.travel.TravelApplicationTests - No active profile set, falling back to 1 default profile: "default"
21:16:33.946 [main] INFO  o.s.security.web.DefaultSecurityFilterChain - Will secure any request with [org.springframework.security.web.session.DisableEncodeUrlFilter@4fecf308, org.springframework.security.web.context.request.async.WebAsyncManagerIntegrationFilter@6282b9f5, org.springframework.security.web.context.SecurityContextPersistenceFilter@256a0d95, org.springframework.security.web.header.HeaderWriterFilter@599a9cb2, org.springframework.web.filter.CorsFilter@5b5f9003, org.springframework.security.web.authentication.logout.LogoutFilter@697a0948, org.springframework.security.web.authentication.UsernamePasswordAuthenticationFilter@1f536481, org.springframework.security.web.savedrequest.RequestCacheAwareFilter@11ede87f, org.springframework.security.web.servletapi.SecurityContextHolderAwareRequestFilter@2f9a10df, org.springframework.security.web.authentication.AnonymousAuthenticationFilter@7c11d32, org.springframework.security.web.session.SessionManagementFilter@5e1a986c, org.springframework.security.web.access.ExceptionTranslationFilter@1f84327b, org.springframework.security.web.access.intercept.FilterSecurityInterceptor@5a1dddba]
21:16:34.214 [main] INFO  com.aopolex.travel.TravelApplicationTests - Started TravelApplicationTests in 5.524 seconds (JVM running for 6.662)
21:16:34.695 [main] INFO  com.zaxxer.hikari.HikariDataSource - HikariPool-1 - Starting...
21:16:35.417 [main] INFO  com.zaxxer.hikari.HikariDataSource - HikariPool-1 - Start completed.
21:16:36.858 [SpringApplicationShutdownHook] INFO  com.zaxxer.hikari.HikariDataSource - HikariPool-1 - Shutdown initiated...
21:16:36.874 [SpringApplicationShutdownHook] INFO  com.zaxxer.hikari.HikariDataSource - HikariPool-1 - Shutdown completed.
21:22:27.133 [main] INFO  com.aopolex.travel.TravelApplication - Starting TravelApplication using Java 1.8.0_301 on LAPTOP-TMK1TVK9 with PID 10428 (D:\JavaProject\Travel\target\classes started by AoPoLex in D:\JavaProject\Travel)
21:22:27.136 [main] INFO  com.aopolex.travel.TravelApplication - No active profile set, falling back to 1 default profile: "default"
21:22:28.381 [main] INFO  o.s.boot.web.embedded.tomcat.TomcatWebServer - Tomcat initialized with port(s): 80 (http)
21:22:28.388 [main] INFO  org.apache.coyote.http11.Http11NioProtocol - Initializing ProtocolHandler ["http-nio-80"]
21:22:28.388 [main] INFO  org.apache.catalina.core.StandardService - Starting service [Tomcat]
21:22:28.388 [main] INFO  org.apache.catalina.core.StandardEngine - Starting Servlet engine: [Apache Tomcat/9.0.70]
21:22:28.504 [main] INFO  o.a.c.core.ContainerBase.[Tomcat].[localhost].[/] - Initializing Spring embedded WebApplicationContext
21:22:28.504 [main] INFO  o.s.b.w.s.c.ServletWebServerApplicationContext - Root WebApplicationContext: initialization completed in 1317 ms
21:22:30.104 [main] INFO  o.s.security.web.DefaultSecurityFilterChain - Will secure any request with [org.springframework.security.web.session.DisableEncodeUrlFilter@839df62, org.springframework.security.web.context.request.async.WebAsyncManagerIntegrationFilter@76e90da5, org.springframework.security.web.context.SecurityContextPersistenceFilter@9b5f3c7, org.springframework.security.web.header.HeaderWriterFilter@16da1abc, org.springframework.web.filter.CorsFilter@4e3e11b9, org.springframework.security.web.authentication.logout.LogoutFilter@86d6bf7, org.springframework.security.web.authentication.UsernamePasswordAuthenticationFilter@ab24484, org.springframework.security.web.savedrequest.RequestCacheAwareFilter@9ab310b, org.springframework.security.web.servletapi.SecurityContextHolderAwareRequestFilter@48a2db72, org.springframework.security.web.authentication.AnonymousAuthenticationFilter@67cffead, org.springframework.security.web.session.SessionManagementFilter@1c52552f, org.springframework.security.web.access.ExceptionTranslationFilter@20ead579, org.springframework.security.web.access.intercept.FilterSecurityInterceptor@202ae86f]
21:22:30.161 [main] INFO  org.apache.coyote.http11.Http11NioProtocol - Starting ProtocolHandler ["http-nio-80"]
21:22:30.175 [main] INFO  o.s.boot.web.embedded.tomcat.TomcatWebServer - Tomcat started on port(s): 80 (http) with context path ''
21:22:30.186 [main] INFO  com.aopolex.travel.TravelApplication - Started TravelApplication in 3.515 seconds (JVM running for 4.55)
21:30:59.750 [main] INFO  o.s.b.t.context.SpringBootTestContextBootstrapper - Neither @ContextConfiguration nor @ContextHierarchy found for test class [com.aopolex.travel.TravelApplicationTests], using SpringBootContextLoader
21:30:59.755 [main] INFO  o.s.test.context.support.AbstractContextLoader - Could not detect default resource locations for test class [com.aopolex.travel.TravelApplicationTests]: no resource found for suffixes {-context.xml, Context.groovy}.
21:30:59.756 [main] INFO  o.s.t.c.support.AnnotationConfigContextLoaderUtils - Could not detect default configuration classes for test class [com.aopolex.travel.TravelApplicationTests]: TravelApplicationTests does not declare any static, non-private, non-final, nested classes annotated with @Configuration.
21:30:59.894 [main] INFO  o.s.b.t.context.SpringBootTestContextBootstrapper - Found @SpringBootConfiguration com.aopolex.travel.TravelApplication for test class com.aopolex.travel.TravelApplicationTests
21:31:00.003 [main] INFO  o.s.b.t.context.SpringBootTestContextBootstrapper - Loaded default TestExecutionListener class names from location [META-INF/spring.factories]: [org.springframework.boot.test.mock.mockito.MockitoTestExecutionListener, org.springframework.boot.test.mock.mockito.ResetMocksTestExecutionListener, org.springframework.boot.test.autoconfigure.restdocs.RestDocsTestExecutionListener, org.springframework.boot.test.autoconfigure.web.client.MockRestServiceServerResetTestExecutionListener, org.springframework.boot.test.autoconfigure.web.servlet.MockMvcPrintOnlyOnFailureTestExecutionListener, org.springframework.boot.test.autoconfigure.web.servlet.WebDriverTestExecutionListener, org.springframework.boot.test.autoconfigure.webservices.client.MockWebServiceServerTestExecutionListener, org.springframework.test.context.web.ServletTestExecutionListener, org.springframework.test.context.support.DirtiesContextBeforeModesTestExecutionListener, org.springframework.test.context.event.ApplicationEventsTestExecutionListener, org.springframework.test.context.support.DependencyInjectionTestExecutionListener, org.springframework.test.context.support.DirtiesContextTestExecutionListener, org.springframework.test.context.transaction.TransactionalTestExecutionListener, org.springframework.test.context.jdbc.SqlScriptsTestExecutionListener, org.springframework.test.context.event.EventPublishingTestExecutionListener]
21:31:00.022 [main] INFO  o.s.b.t.context.SpringBootTestContextBootstrapper - Using TestExecutionListeners: [org.springframework.test.context.web.ServletTestExecutionListener@39b43d60, org.springframework.test.context.support.DirtiesContextBeforeModesTestExecutionListener@44be0077, org.springframework.test.context.event.ApplicationEventsTestExecutionListener@2205a05d, org.springframework.boot.test.mock.mockito.MockitoTestExecutionListener@72ef8d15, org.springframework.boot.test.autoconfigure.SpringBootDependencyInjectionTestExecutionListener@6aa8e115, org.springframework.test.context.support.DirtiesContextTestExecutionListener@5e21e98f, org.springframework.test.context.transaction.TransactionalTestExecutionListener@51a9ad5e, org.springframework.test.context.jdbc.SqlScriptsTestExecutionListener@5f20155b, org.springframework.test.context.event.EventPublishingTestExecutionListener@72ade7e3, org.springframework.boot.test.mock.mockito.ResetMocksTestExecutionListener@239105a8, org.springframework.boot.test.autoconfigure.restdocs.RestDocsTestExecutionListener@3fce8fd9, org.springframework.boot.test.autoconfigure.web.client.MockRestServiceServerResetTestExecutionListener@609bcfb6, org.springframework.boot.test.autoconfigure.web.servlet.MockMvcPrintOnlyOnFailureTestExecutionListener@7d94beb9, org.springframework.boot.test.autoconfigure.web.servlet.WebDriverTestExecutionListener@560348e6, org.springframework.boot.test.autoconfigure.webservices.client.MockWebServiceServerTestExecutionListener@1df8b5b8]
21:31:00.419 [main] INFO  com.aopolex.travel.TravelApplicationTests - Starting TravelApplicationTests using Java 1.8.0_301 on LAPTOP-TMK1TVK9 with PID 19708 (started by AoPoLex in D:\JavaProject\Travel)
21:31:00.420 [main] INFO  com.aopolex.travel.TravelApplicationTests - No active profile set, falling back to 1 default profile: "default"
21:31:05.171 [main] INFO  o.s.security.web.DefaultSecurityFilterChain - Will secure any request with [org.springframework.security.web.session.DisableEncodeUrlFilter@548e43b1, org.springframework.security.web.context.request.async.WebAsyncManagerIntegrationFilter@67688110, org.springframework.security.web.context.SecurityContextPersistenceFilter@601eb4af, org.springframework.security.web.header.HeaderWriterFilter@22ead351, org.springframework.web.filter.CorsFilter@6d293993, org.springframework.security.web.authentication.logout.LogoutFilter@16d0e521, org.springframework.security.web.authentication.UsernamePasswordAuthenticationFilter@1a7cb3a4, org.springframework.security.web.savedrequest.RequestCacheAwareFilter@626e0c86, org.springframework.security.web.servletapi.SecurityContextHolderAwareRequestFilter@79957f11, org.springframework.security.web.authentication.AnonymousAuthenticationFilter@475f5672, org.springframework.security.web.session.SessionManagementFilter@43d65a81, org.springframework.security.web.access.ExceptionTranslationFilter@256a0d95, org.springframework.security.web.access.intercept.FilterSecurityInterceptor@1142d377]
21:31:05.350 [main] INFO  com.aopolex.travel.TravelApplicationTests - Started TravelApplicationTests in 5.288 seconds (JVM running for 6.358)
21:31:05.631 [main] INFO  com.zaxxer.hikari.HikariDataSource - HikariPool-1 - Starting...
21:31:06.351 [main] INFO  com.zaxxer.hikari.HikariDataSource - HikariPool-1 - Start completed.
21:31:18.918 [SpringApplicationShutdownHook] INFO  com.zaxxer.hikari.HikariDataSource - HikariPool-1 - Shutdown initiated...
21:31:18.930 [SpringApplicationShutdownHook] INFO  com.zaxxer.hikari.HikariDataSource - HikariPool-1 - Shutdown completed.
21:43:22.035 [main] INFO  com.aopolex.travel.TravelApplication - Starting TravelApplication using Java 1.8.0_301 on LAPTOP-TMK1TVK9 with PID 9596 (D:\JavaProject\Travel\target\classes started by AoPoLex in D:\JavaProject\Travel)
21:43:22.039 [main] INFO  com.aopolex.travel.TravelApplication - No active profile set, falling back to 1 default profile: "default"
21:43:23.268 [main] INFO  o.s.boot.web.embedded.tomcat.TomcatWebServer - Tomcat initialized with port(s): 80 (http)
21:43:23.275 [main] INFO  org.apache.coyote.http11.Http11NioProtocol - Initializing ProtocolHandler ["http-nio-80"]
21:43:23.275 [main] INFO  org.apache.catalina.core.StandardService - Starting service [Tomcat]
21:43:23.276 [main] INFO  org.apache.catalina.core.StandardEngine - Starting Servlet engine: [Apache Tomcat/9.0.70]
21:43:23.403 [main] INFO  o.a.c.core.ContainerBase.[Tomcat].[localhost].[/] - Initializing Spring embedded WebApplicationContext
21:43:23.403 [main] INFO  o.s.b.w.s.c.ServletWebServerApplicationContext - Root WebApplicationContext: initialization completed in 1316 ms
21:43:24.996 [main] INFO  o.s.security.web.DefaultSecurityFilterChain - Will secure any request with [org.springframework.security.web.session.DisableEncodeUrlFilter@4f169009, org.springframework.security.web.context.request.async.WebAsyncManagerIntegrationFilter@9dada78, org.springframework.security.web.context.SecurityContextPersistenceFilter@16da1abc, org.springframework.security.web.header.HeaderWriterFilter@65e22def, org.springframework.web.filter.CorsFilter@4207852d, org.springframework.security.web.authentication.logout.LogoutFilter@1e7f19b4, org.springframework.security.web.authentication.UsernamePasswordAuthenticationFilter@712ac7e6, org.springframework.security.web.savedrequest.RequestCacheAwareFilter@3fcee3d9, org.springframework.security.web.servletapi.SecurityContextHolderAwareRequestFilter@5b40de43, org.springframework.security.web.authentication.AnonymousAuthenticationFilter@2c829dbc, org.springframework.security.web.session.SessionManagementFilter@3d299393, org.springframework.security.web.access.ExceptionTranslationFilter@7a6ea47d, org.springframework.security.web.access.intercept.FilterSecurityInterceptor@1cf336fd]
21:43:25.052 [main] INFO  org.apache.coyote.http11.Http11NioProtocol - Starting ProtocolHandler ["http-nio-80"]
21:43:25.065 [main] INFO  o.s.boot.web.embedded.tomcat.TomcatWebServer - Tomcat started on port(s): 80 (http) with context path ''
21:43:25.075 [main] INFO  com.aopolex.travel.TravelApplication - Started TravelApplication in 3.48 seconds (JVM running for 4.308)
21:43:56.769 [main] INFO  o.s.b.t.context.SpringBootTestContextBootstrapper - Neither @ContextConfiguration nor @ContextHierarchy found for test class [com.aopolex.travel.TravelApplicationTests], using SpringBootContextLoader
21:43:56.775 [main] INFO  o.s.test.context.support.AbstractContextLoader - Could not detect default resource locations for test class [com.aopolex.travel.TravelApplicationTests]: no resource found for suffixes {-context.xml, Context.groovy}.
21:43:56.776 [main] INFO  o.s.t.c.support.AnnotationConfigContextLoaderUtils - Could not detect default configuration classes for test class [com.aopolex.travel.TravelApplicationTests]: TravelApplicationTests does not declare any static, non-private, non-final, nested classes annotated with @Configuration.
21:43:56.923 [main] INFO  o.s.b.t.context.SpringBootTestContextBootstrapper - Found @SpringBootConfiguration com.aopolex.travel.TravelApplication for test class com.aopolex.travel.TravelApplicationTests
21:43:57.032 [main] INFO  o.s.b.t.context.SpringBootTestContextBootstrapper - Loaded default TestExecutionListener class names from location [META-INF/spring.factories]: [org.springframework.boot.test.mock.mockito.MockitoTestExecutionListener, org.springframework.boot.test.mock.mockito.ResetMocksTestExecutionListener, org.springframework.boot.test.autoconfigure.restdocs.RestDocsTestExecutionListener, org.springframework.boot.test.autoconfigure.web.client.MockRestServiceServerResetTestExecutionListener, org.springframework.boot.test.autoconfigure.web.servlet.MockMvcPrintOnlyOnFailureTestExecutionListener, org.springframework.boot.test.autoconfigure.web.servlet.WebDriverTestExecutionListener, org.springframework.boot.test.autoconfigure.webservices.client.MockWebServiceServerTestExecutionListener, org.springframework.test.context.web.ServletTestExecutionListener, org.springframework.test.context.support.DirtiesContextBeforeModesTestExecutionListener, org.springframework.test.context.event.ApplicationEventsTestExecutionListener, org.springframework.test.context.support.DependencyInjectionTestExecutionListener, org.springframework.test.context.support.DirtiesContextTestExecutionListener, org.springframework.test.context.transaction.TransactionalTestExecutionListener, org.springframework.test.context.jdbc.SqlScriptsTestExecutionListener, org.springframework.test.context.event.EventPublishingTestExecutionListener]
21:43:57.049 [main] INFO  o.s.b.t.context.SpringBootTestContextBootstrapper - Using TestExecutionListeners: [org.springframework.test.context.web.ServletTestExecutionListener@39b43d60, org.springframework.test.context.support.DirtiesContextBeforeModesTestExecutionListener@44be0077, org.springframework.test.context.event.ApplicationEventsTestExecutionListener@2205a05d, org.springframework.boot.test.mock.mockito.MockitoTestExecutionListener@72ef8d15, org.springframework.boot.test.autoconfigure.SpringBootDependencyInjectionTestExecutionListener@6aa8e115, org.springframework.test.context.support.DirtiesContextTestExecutionListener@5e21e98f, org.springframework.test.context.transaction.TransactionalTestExecutionListener@51a9ad5e, org.springframework.test.context.jdbc.SqlScriptsTestExecutionListener@5f20155b, org.springframework.test.context.event.EventPublishingTestExecutionListener@72ade7e3, org.springframework.boot.test.mock.mockito.ResetMocksTestExecutionListener@239105a8, org.springframework.boot.test.autoconfigure.restdocs.RestDocsTestExecutionListener@3fce8fd9, org.springframework.boot.test.autoconfigure.web.client.MockRestServiceServerResetTestExecutionListener@609bcfb6, org.springframework.boot.test.autoconfigure.web.servlet.MockMvcPrintOnlyOnFailureTestExecutionListener@7d94beb9, org.springframework.boot.test.autoconfigure.web.servlet.WebDriverTestExecutionListener@560348e6, org.springframework.boot.test.autoconfigure.webservices.client.MockWebServiceServerTestExecutionListener@1df8b5b8]
21:43:57.448 [main] INFO  com.aopolex.travel.TravelApplicationTests - Starting TravelApplicationTests using Java 1.8.0_301 on LAPTOP-TMK1TVK9 with PID 12804 (started by AoPoLex in D:\JavaProject\Travel)
21:43:57.450 [main] INFO  com.aopolex.travel.TravelApplicationTests - No active profile set, falling back to 1 default profile: "default"
21:44:02.469 [main] INFO  o.s.security.web.DefaultSecurityFilterChain - Will secure any request with [org.springframework.security.web.session.DisableEncodeUrlFilter@5bb911c1, org.springframework.security.web.context.request.async.WebAsyncManagerIntegrationFilter@6a55594b, org.springframework.security.web.context.SecurityContextPersistenceFilter@15e1f8fe, org.springframework.security.web.header.HeaderWriterFilter@22ead351, org.springframework.web.filter.CorsFilter@632b305d, org.springframework.security.web.authentication.logout.LogoutFilter@1d6a8386, org.springframework.security.web.authentication.UsernamePasswordAuthenticationFilter@491cafec, org.springframework.security.web.savedrequest.RequestCacheAwareFilter@4aebee4b, org.springframework.security.web.servletapi.SecurityContextHolderAwareRequestFilter@7cf63b9a, org.springframework.security.web.authentication.AnonymousAuthenticationFilter@44598ef7, org.springframework.security.web.session.SessionManagementFilter@43d65a81, org.springframework.security.web.access.ExceptionTranslationFilter@256a0d95, org.springframework.security.web.access.intercept.FilterSecurityInterceptor@79d7035]
21:44:02.654 [main] INFO  com.aopolex.travel.TravelApplicationTests - Started TravelApplicationTests in 5.568 seconds (JVM running for 6.741)
21:44:02.947 [main] INFO  com.zaxxer.hikari.HikariDataSource - HikariPool-1 - Starting...
21:44:03.661 [main] INFO  com.zaxxer.hikari.HikariDataSource - HikariPool-1 - Start completed.
21:44:16.205 [SpringApplicationShutdownHook] INFO  com.zaxxer.hikari.HikariDataSource - HikariPool-1 - Shutdown initiated...
21:44:16.220 [SpringApplicationShutdownHook] INFO  com.zaxxer.hikari.HikariDataSource - HikariPool-1 - Shutdown completed.
