14:28:54.313 [main] INFO  com.aopolex.travel.TravelApplication - Starting TravelApplication using Java 1.8.0_301 on LAPTOP-TMK1TVK9 with PID 12184 (D:\JavaProject\Travel\target\classes started by AoPoLex in D:\JavaProject\Travel)
14:28:54.318 [main] INFO  com.aopolex.travel.TravelApplication - No active profile set, falling back to 1 default profile: "default"
14:28:55.771 [main] INFO  o.s.boot.web.embedded.tomcat.TomcatWebServer - Tomcat initialized with port(s): 80 (http)
14:28:55.782 [main] INFO  org.apache.coyote.http11.Http11NioProtocol - Initializing ProtocolHandler ["http-nio-80"]
14:28:55.782 [main] INFO  org.apache.catalina.core.StandardService - Starting service [Tomcat]
14:28:55.782 [main] INFO  org.apache.catalina.core.StandardEngine - Starting Servlet engine: [Apache Tomcat/9.0.70]
14:28:55.960 [main] INFO  o.a.c.core.ContainerBase.[Tomcat].[localhost].[/] - Initializing Spring embedded WebApplicationContext
14:28:55.960 [main] INFO  o.s.b.w.s.c.ServletWebServerApplicationContext - Root WebApplicationContext: initialization completed in 1546 ms
14:28:57.516 [main] INFO  o.s.security.web.DefaultSecurityFilterChain - Will secure any request with [org.springframework.security.web.session.DisableEncodeUrlFilter@7593ea79, org.springframework.security.web.context.request.async.WebAsyncManagerIntegrationFilter@3289079a, org.springframework.security.web.context.SecurityContextPersistenceFilter@1bb740f2, org.springframework.security.web.header.HeaderWriterFilter@29fa6b65, org.springframework.web.filter.CorsFilter@32fa809f, org.springframework.security.web.authentication.logout.LogoutFilter@61ab89b0, org.springframework.security.web.authentication.UsernamePasswordAuthenticationFilter@7e4c72d6, org.springframework.security.web.savedrequest.RequestCacheAwareFilter@61f6d381, org.springframework.security.web.servletapi.SecurityContextHolderAwareRequestFilter@5922d3e9, org.springframework.security.web.authentication.AnonymousAuthenticationFilter@788ba63e, org.springframework.security.web.session.SessionManagementFilter@47406941, org.springframework.security.web.access.ExceptionTranslationFilter@a22c4d8, org.springframework.security.web.access.intercept.FilterSecurityInterceptor@244418a]
14:28:57.565 [main] INFO  org.apache.coyote.http11.Http11NioProtocol - Starting ProtocolHandler ["http-nio-80"]
14:28:57.582 [main] INFO  o.s.boot.web.embedded.tomcat.TomcatWebServer - Tomcat started on port(s): 80 (http) with context path ''
14:28:57.595 [main] INFO  com.aopolex.travel.TravelApplication - Started TravelApplication in 3.945 seconds (JVM running for 5.442)
14:30:08.453 [http-nio-80-exec-1] INFO  o.a.c.core.ContainerBase.[Tomcat].[localhost].[/] - Initializing Spring DispatcherServlet 'dispatcherServlet'
14:30:08.455 [http-nio-80-exec-1] INFO  org.springframework.web.servlet.DispatcherServlet - Initializing Servlet 'dispatcherServlet'
14:30:08.456 [http-nio-80-exec-1] INFO  org.springframework.web.servlet.DispatcherServlet - Completed initialization in 1 ms
17:54:25.609 [main] INFO  com.aopolex.travel.TravelApplication - Starting TravelApplication using Java 1.8.0_301 on LAPTOP-TMK1TVK9 with PID 11416 (D:\JavaProject\Travel\target\classes started by AoPoLex in D:\JavaProject\Travel)
17:54:25.613 [main] INFO  com.aopolex.travel.TravelApplication - No active profile set, falling back to 1 default profile: "default"
17:54:26.721 [main] INFO  o.s.boot.web.embedded.tomcat.TomcatWebServer - Tomcat initialized with port(s): 80 (http)
17:54:26.728 [main] INFO  org.apache.coyote.http11.Http11NioProtocol - Initializing ProtocolHandler ["http-nio-80"]
17:54:26.728 [main] INFO  org.apache.catalina.core.StandardService - Starting service [Tomcat]
17:54:26.729 [main] INFO  org.apache.catalina.core.StandardEngine - Starting Servlet engine: [Apache Tomcat/9.0.70]
17:54:26.839 [main] INFO  o.a.c.core.ContainerBase.[Tomcat].[localhost].[/] - Initializing Spring embedded WebApplicationContext
17:54:26.839 [main] INFO  o.s.b.w.s.c.ServletWebServerApplicationContext - Root WebApplicationContext: initialization completed in 1166 ms
17:54:28.264 [main] INFO  o.s.security.web.DefaultSecurityFilterChain - Will secure any request with [org.springframework.security.web.session.DisableEncodeUrlFilter@460b50df, org.springframework.security.web.context.request.async.WebAsyncManagerIntegrationFilter@1cf336fd, org.springframework.security.web.context.SecurityContextPersistenceFilter@661fe025, org.springframework.security.web.header.HeaderWriterFilter@723877dd, org.springframework.web.filter.CorsFilter@1d0cac30, org.springframework.security.web.authentication.logout.LogoutFilter@16da1abc, org.springframework.security.web.authentication.UsernamePasswordAuthenticationFilter@1b0e9707, org.springframework.security.web.savedrequest.RequestCacheAwareFilter@2bc7db89, org.springframework.security.web.servletapi.SecurityContextHolderAwareRequestFilter@173f1614, org.springframework.security.web.authentication.AnonymousAuthenticationFilter@41ef1ea2, org.springframework.security.web.session.SessionManagementFilter@2da99821, org.springframework.security.web.access.ExceptionTranslationFilter@71b6172c, org.springframework.security.web.access.intercept.FilterSecurityInterceptor@51f18e31]
17:54:28.313 [main] INFO  org.apache.coyote.http11.Http11NioProtocol - Starting ProtocolHandler ["http-nio-80"]
17:54:28.326 [main] INFO  o.s.boot.web.embedded.tomcat.TomcatWebServer - Tomcat started on port(s): 80 (http) with context path ''
17:54:28.335 [main] INFO  com.aopolex.travel.TravelApplication - Started TravelApplication in 3.209 seconds (JVM running for 4.1)
17:54:39.358 [http-nio-80-exec-1] INFO  o.a.c.core.ContainerBase.[Tomcat].[localhost].[/] - Initializing Spring DispatcherServlet 'dispatcherServlet'
17:54:39.358 [http-nio-80-exec-1] INFO  org.springframework.web.servlet.DispatcherServlet - Initializing Servlet 'dispatcherServlet'
17:54:39.360 [http-nio-80-exec-1] INFO  org.springframework.web.servlet.DispatcherServlet - Completed initialization in 1 ms
17:55:16.057 [http-nio-80-exec-4] INFO  com.aopolex.travel.aop.LogAop - Log(url=/frontdesk/member/register, visitTime=Sun Jan 15 17:55:16 CST 2023, username=null, ip=0:0:0:0:0:0:0:1, executionTime=3, exceptionMessage=null)
17:57:07.527 [http-nio-80-exec-9] INFO  com.aopolex.travel.aop.LogAop - Log(url=/frontdesk/member/register, visitTime=Sun Jan 15 17:57:07 CST 2023, username=null, ip=0:0:0:0:0:0:0:1, executionTime=0, exceptionMessage=null)
18:02:44.118 [main] INFO  com.aopolex.travel.TravelApplication - Starting TravelApplication using Java 1.8.0_301 on LAPTOP-TMK1TVK9 with PID 1280 (D:\JavaProject\Travel\target\classes started by AoPoLex in D:\JavaProject\Travel)
18:02:44.121 [main] INFO  com.aopolex.travel.TravelApplication - No active profile set, falling back to 1 default profile: "default"
18:02:45.213 [main] INFO  o.s.boot.web.embedded.tomcat.TomcatWebServer - Tomcat initialized with port(s): 80 (http)
18:02:45.220 [main] INFO  org.apache.coyote.http11.Http11NioProtocol - Initializing ProtocolHandler ["http-nio-80"]
18:02:45.221 [main] INFO  org.apache.catalina.core.StandardService - Starting service [Tomcat]
18:02:45.221 [main] INFO  org.apache.catalina.core.StandardEngine - Starting Servlet engine: [Apache Tomcat/9.0.70]
18:02:45.326 [main] INFO  o.a.c.core.ContainerBase.[Tomcat].[localhost].[/] - Initializing Spring embedded WebApplicationContext
18:02:45.326 [main] INFO  o.s.b.w.s.c.ServletWebServerApplicationContext - Root WebApplicationContext: initialization completed in 1154 ms
18:02:46.733 [main] INFO  o.s.security.web.DefaultSecurityFilterChain - Will secure any request with [org.springframework.security.web.session.DisableEncodeUrlFilter@51f18e31, org.springframework.security.web.context.request.async.WebAsyncManagerIntegrationFilter@60ed12e8, org.springframework.security.web.context.SecurityContextPersistenceFilter@75fd65c, org.springframework.security.web.header.HeaderWriterFilter@5d5a51b1, org.springframework.web.filter.CorsFilter@24c8d8be, org.springframework.security.web.authentication.logout.LogoutFilter@7161457, org.springframework.security.web.authentication.UsernamePasswordAuthenticationFilter@4c1d59cd, org.springframework.security.web.savedrequest.RequestCacheAwareFilter@6c8f60f3, org.springframework.security.web.servletapi.SecurityContextHolderAwareRequestFilter@1f95881a, org.springframework.security.web.authentication.AnonymousAuthenticationFilter@3290b1a6, org.springframework.security.web.session.SessionManagementFilter@50ab56e2, org.springframework.security.web.access.ExceptionTranslationFilter@1280682, org.springframework.security.web.access.intercept.FilterSecurityInterceptor@77d4ac52]
18:02:46.788 [main] INFO  org.apache.coyote.http11.Http11NioProtocol - Starting ProtocolHandler ["http-nio-80"]
18:02:46.799 [main] INFO  o.s.boot.web.embedded.tomcat.TomcatWebServer - Tomcat started on port(s): 80 (http) with context path ''
18:02:46.810 [main] INFO  com.aopolex.travel.TravelApplication - Started TravelApplication in 3.144 seconds (JVM running for 4.052)
18:04:20.036 [main] INFO  com.aopolex.travel.TravelApplication - Starting TravelApplication using Java 1.8.0_301 on LAPTOP-TMK1TVK9 with PID 2384 (D:\JavaProject\Travel\target\classes started by AoPoLex in D:\JavaProject\Travel)
18:04:20.039 [main] INFO  com.aopolex.travel.TravelApplication - No active profile set, falling back to 1 default profile: "default"
18:04:21.231 [main] INFO  o.s.boot.web.embedded.tomcat.TomcatWebServer - Tomcat initialized with port(s): 80 (http)
18:04:21.236 [main] INFO  org.apache.coyote.http11.Http11NioProtocol - Initializing ProtocolHandler ["http-nio-80"]
18:04:21.237 [main] INFO  org.apache.catalina.core.StandardService - Starting service [Tomcat]
18:04:21.237 [main] INFO  org.apache.catalina.core.StandardEngine - Starting Servlet engine: [Apache Tomcat/9.0.70]
18:04:21.337 [main] INFO  o.a.c.core.ContainerBase.[Tomcat].[localhost].[/] - Initializing Spring embedded WebApplicationContext
18:04:21.337 [main] INFO  o.s.b.w.s.c.ServletWebServerApplicationContext - Root WebApplicationContext: initialization completed in 1242 ms
18:04:22.747 [main] INFO  o.s.security.web.DefaultSecurityFilterChain - Will secure any request with [org.springframework.security.web.session.DisableEncodeUrlFilter@77d4ac52, org.springframework.security.web.context.request.async.WebAsyncManagerIntegrationFilter@29f38091, org.springframework.security.web.context.SecurityContextPersistenceFilter@399ca607, org.springframework.security.web.header.HeaderWriterFilter@1ec22831, org.springframework.web.filter.CorsFilter@161dd92a, org.springframework.security.web.authentication.logout.LogoutFilter@d499c13, org.springframework.security.web.authentication.UsernamePasswordAuthenticationFilter@7a2ab862, org.springframework.security.web.savedrequest.RequestCacheAwareFilter@1934ad7c, org.springframework.security.web.servletapi.SecurityContextHolderAwareRequestFilter@3e8799f, org.springframework.security.web.authentication.AnonymousAuthenticationFilter@77c3c037, org.springframework.security.web.session.SessionManagementFilter@516592b1, org.springframework.security.web.access.ExceptionTranslationFilter@3878be7b, org.springframework.security.web.access.intercept.FilterSecurityInterceptor@20ead579]
18:04:22.802 [main] INFO  org.apache.coyote.http11.Http11NioProtocol - Starting ProtocolHandler ["http-nio-80"]
18:04:22.815 [main] INFO  o.s.boot.web.embedded.tomcat.TomcatWebServer - Tomcat started on port(s): 80 (http) with context path ''
18:04:22.823 [main] INFO  com.aopolex.travel.TravelApplication - Started TravelApplication in 3.278 seconds (JVM running for 4.12)
18:04:56.529 [http-nio-80-exec-1] INFO  o.a.c.core.ContainerBase.[Tomcat].[localhost].[/] - Initializing Spring DispatcherServlet 'dispatcherServlet'
18:04:56.529 [http-nio-80-exec-1] INFO  org.springframework.web.servlet.DispatcherServlet - Initializing Servlet 'dispatcherServlet'
18:04:56.530 [http-nio-80-exec-1] INFO  org.springframework.web.servlet.DispatcherServlet - Completed initialization in 1 ms
18:05:18.209 [http-nio-80-exec-5] INFO  com.aopolex.travel.aop.LogAop - Log(url=/frontdesk/member/register, visitTime=Sun Jan 15 18:05:18 CST 2023, username=null, ip=0:0:0:0:0:0:0:1, executionTime=3, exceptionMessage=null)
18:07:10.945 [main] INFO  com.aopolex.travel.TravelApplication - Starting TravelApplication using Java 1.8.0_301 on LAPTOP-TMK1TVK9 with PID 5280 (D:\JavaProject\Travel\target\classes started by AoPoLex in D:\JavaProject\Travel)
18:07:10.949 [main] INFO  com.aopolex.travel.TravelApplication - No active profile set, falling back to 1 default profile: "default"
18:07:12.131 [main] INFO  o.s.boot.web.embedded.tomcat.TomcatWebServer - Tomcat initialized with port(s): 80 (http)
18:07:12.136 [main] INFO  org.apache.coyote.http11.Http11NioProtocol - Initializing ProtocolHandler ["http-nio-80"]
18:07:12.138 [main] INFO  org.apache.catalina.core.StandardService - Starting service [Tomcat]
18:07:12.138 [main] INFO  org.apache.catalina.core.StandardEngine - Starting Servlet engine: [Apache Tomcat/9.0.70]
18:07:12.246 [main] INFO  o.a.c.core.ContainerBase.[Tomcat].[localhost].[/] - Initializing Spring embedded WebApplicationContext
18:07:12.246 [main] INFO  o.s.b.w.s.c.ServletWebServerApplicationContext - Root WebApplicationContext: initialization completed in 1242 ms
18:07:13.893 [main] INFO  o.s.security.web.DefaultSecurityFilterChain - Will secure any request with [org.springframework.security.web.session.DisableEncodeUrlFilter@41d16cc3, org.springframework.security.web.context.request.async.WebAsyncManagerIntegrationFilter@662e682a, org.springframework.security.web.context.SecurityContextPersistenceFilter@1e84f3c8, org.springframework.security.web.header.HeaderWriterFilter@3b353651, org.springframework.web.filter.CorsFilter@2e43c38d, org.springframework.security.web.authentication.logout.LogoutFilter@626c19cf, org.springframework.security.web.authentication.UsernamePasswordAuthenticationFilter@6f825516, org.springframework.security.web.savedrequest.RequestCacheAwareFilter@2ceca2ef, org.springframework.security.web.servletapi.SecurityContextHolderAwareRequestFilter@6ccac6f4, org.springframework.security.web.authentication.AnonymousAuthenticationFilter@649f25f3, org.springframework.security.web.session.SessionManagementFilter@1280682, org.springframework.security.web.access.ExceptionTranslationFilter@1934ad7c, org.springframework.security.web.access.intercept.FilterSecurityInterceptor@9ab310b]
18:07:13.945 [main] INFO  org.apache.coyote.http11.Http11NioProtocol - Starting ProtocolHandler ["http-nio-80"]
18:07:13.959 [main] INFO  o.s.boot.web.embedded.tomcat.TomcatWebServer - Tomcat started on port(s): 80 (http) with context path ''
18:07:13.969 [main] INFO  com.aopolex.travel.TravelApplication - Started TravelApplication in 3.495 seconds (JVM running for 4.297)
18:07:17.389 [http-nio-80-exec-1] INFO  o.a.c.core.ContainerBase.[Tomcat].[localhost].[/] - Initializing Spring DispatcherServlet 'dispatcherServlet'
18:07:17.389 [http-nio-80-exec-1] INFO  org.springframework.web.servlet.DispatcherServlet - Initializing Servlet 'dispatcherServlet'
18:07:17.390 [http-nio-80-exec-1] INFO  org.springframework.web.servlet.DispatcherServlet - Completed initialization in 1 ms
18:07:28.668 [http-nio-80-exec-9] INFO  com.zaxxer.hikari.HikariDataSource - HikariPool-1 - Starting...
18:07:29.076 [http-nio-80-exec-9] INFO  com.zaxxer.hikari.HikariDataSource - HikariPool-1 - Start completed.
18:07:29.289 [http-nio-80-exec-9] INFO  com.aopolex.travel.aop.LogAop - Log(url=/frontdesk/member/register, visitTime=Sun Jan 15 18:07:28 CST 2023, username=null, ip=0:0:0:0:0:0:0:1, executionTime=668, exceptionMessage=
### Error updating database.  Cause: java.sql.SQLIntegrityConstraintViolationException: Duplicate entry 'baizhan' for key 'AK_nq_username'
### The error may exist in com/aopolex/travel/mapper/MemberMapper.java (best guess)
### The error may involve com.aopolex.travel.mapper.MemberMapper.insert-Inline
### The error occurred while setting parameters
### SQL: INSERT INTO member  ( username, password, email, phoneNum, sex, birthday, active )  VALUES  ( ?, ?, ?, ?, ?, ?, ? )
### Cause: java.sql.SQLIntegrityConstraintViolationException: Duplicate entry 'baizhan' for key 'AK_nq_username'
; Duplicate entry 'baizhan' for key 'AK_nq_username'; nested exception is java.sql.SQLIntegrityConstraintViolationException: Duplicate entry 'baizhan' for key 'AK_nq_username')
18:07:29.289 [http-nio-80-exec-9] INFO  com.aopolex.travel.aop.LogAop - Log(url=/frontdesk/member/register, visitTime=Sun Jan 15 18:07:28 CST 2023, username=null, ip=0:0:0:0:0:0:0:1, executionTime=668, exceptionMessage=null)
18:07:29.299 [http-nio-80-exec-9] ERROR o.a.c.c.C.[.[localhost].[/].[dispatcherServlet] - Servlet.service() for servlet [dispatcherServlet] in context with path [] threw exception [Request processing failed; nested exception is org.springframework.dao.DuplicateKeyException: 
### Error updating database.  Cause: java.sql.SQLIntegrityConstraintViolationException: Duplicate entry 'baizhan' for key 'AK_nq_username'
### The error may exist in com/aopolex/travel/mapper/MemberMapper.java (best guess)
### The error may involve com.aopolex.travel.mapper.MemberMapper.insert-Inline
### The error occurred while setting parameters
### SQL: INSERT INTO member  ( username, password, email, phoneNum, sex, birthday, active )  VALUES  ( ?, ?, ?, ?, ?, ?, ? )
### Cause: java.sql.SQLIntegrityConstraintViolationException: Duplicate entry 'baizhan' for key 'AK_nq_username'
; Duplicate entry 'baizhan' for key 'AK_nq_username'; nested exception is java.sql.SQLIntegrityConstraintViolationException: Duplicate entry 'baizhan' for key 'AK_nq_username'] with root cause
java.sql.SQLIntegrityConstraintViolationException: Duplicate entry 'baizhan' for key 'AK_nq_username'
	at com.mysql.cj.jdbc.exceptions.SQLError.createSQLException(SQLError.java:117)
	at com.mysql.cj.jdbc.exceptions.SQLExceptionsMapping.translateException(SQLExceptionsMapping.java:122)
	at com.mysql.cj.jdbc.ClientPreparedStatement.executeInternal(ClientPreparedStatement.java:916)
	at com.mysql.cj.jdbc.ClientPreparedStatement.execute(ClientPreparedStatement.java:354)
	at com.zaxxer.hikari.pool.ProxyPreparedStatement.execute(ProxyPreparedStatement.java:44)
	at com.zaxxer.hikari.pool.HikariProxyPreparedStatement.execute(HikariProxyPreparedStatement.java)
	at sun.reflect.NativeMethodAccessorImpl.invoke0(Native Method)
	at sun.reflect.NativeMethodAccessorImpl.invoke(NativeMethodAccessorImpl.java:62)
	at sun.reflect.DelegatingMethodAccessorImpl.invoke(DelegatingMethodAccessorImpl.java:43)
	at java.lang.reflect.Method.invoke(Method.java:498)
	at org.apache.ibatis.logging.jdbc.PreparedStatementLogger.invoke(PreparedStatementLogger.java:59)
	at com.sun.proxy.$Proxy107.execute(Unknown Source)
	at org.apache.ibatis.executor.statement.PreparedStatementHandler.update(PreparedStatementHandler.java:47)
	at org.apache.ibatis.executor.statement.RoutingStatementHandler.update(RoutingStatementHandler.java:74)
	at sun.reflect.NativeMethodAccessorImpl.invoke0(Native Method)
	at sun.reflect.NativeMethodAccessorImpl.invoke(NativeMethodAccessorImpl.java:62)
	at sun.reflect.DelegatingMethodAccessorImpl.invoke(DelegatingMethodAccessorImpl.java:43)
	at java.lang.reflect.Method.invoke(Method.java:498)
	at org.apache.ibatis.plugin.Plugin.invoke(Plugin.java:64)
	at com.sun.proxy.$Proxy105.update(Unknown Source)
	at org.apache.ibatis.executor.SimpleExecutor.doUpdate(SimpleExecutor.java:50)
	at org.apache.ibatis.executor.BaseExecutor.update(BaseExecutor.java:117)
	at org.apache.ibatis.executor.CachingExecutor.update(CachingExecutor.java:76)
	at sun.reflect.NativeMethodAccessorImpl.invoke0(Native Method)
	at sun.reflect.NativeMethodAccessorImpl.invoke(NativeMethodAccessorImpl.java:62)
	at sun.reflect.DelegatingMethodAccessorImpl.invoke(DelegatingMethodAccessorImpl.java:43)
	at java.lang.reflect.Method.invoke(Method.java:498)
	at org.apache.ibatis.plugin.Invocation.proceed(Invocation.java:49)
	at com.baomidou.mybatisplus.extension.plugins.MybatisPlusInterceptor.intercept(MybatisPlusInterceptor.java:106)
	at org.apache.ibatis.plugin.Plugin.invoke(Plugin.java:62)
	at com.sun.proxy.$Proxy104.update(Unknown Source)
	at org.apache.ibatis.session.defaults.DefaultSqlSession.update(DefaultSqlSession.java:194)
	at org.apache.ibatis.session.defaults.DefaultSqlSession.insert(DefaultSqlSession.java:181)
	at sun.reflect.NativeMethodAccessorImpl.invoke0(Native Method)
	at sun.reflect.NativeMethodAccessorImpl.invoke(NativeMethodAccessorImpl.java:62)
	at sun.reflect.DelegatingMethodAccessorImpl.invoke(DelegatingMethodAccessorImpl.java:43)
	at java.lang.reflect.Method.invoke(Method.java:498)
	at org.mybatis.spring.SqlSessionTemplate$SqlSessionInterceptor.invoke(SqlSessionTemplate.java:427)
	at com.sun.proxy.$Proxy74.insert(Unknown Source)
	at org.mybatis.spring.SqlSessionTemplate.insert(SqlSessionTemplate.java:272)
	at com.baomidou.mybatisplus.core.override.MybatisMapperMethod.execute(MybatisMapperMethod.java:59)
	at com.baomidou.mybatisplus.core.override.MybatisMapperProxy$PlainMethodInvoker.invoke(MybatisMapperProxy.java:148)
	at com.baomidou.mybatisplus.core.override.MybatisMapperProxy.invoke(MybatisMapperProxy.java:89)
	at com.sun.proxy.$Proxy84.insert(Unknown Source)
	at com.aopolex.travel.service.MemberService.register(MemberService.java:49)
	at com.aopolex.travel.controller.backstage.MemberController.register(MemberController.java:31)
	at com.aopolex.travel.controller.backstage.MemberController$$FastClassBySpringCGLIB$$d33340b4.invoke(<generated>)
	at org.springframework.cglib.proxy.MethodProxy.invoke(MethodProxy.java:218)
	at org.springframework.aop.framework.CglibAopProxy$CglibMethodInvocation.invokeJoinpoint(CglibAopProxy.java:793)
	at org.springframework.aop.framework.ReflectiveMethodInvocation.proceed(ReflectiveMethodInvocation.java:163)
	at org.springframework.aop.framework.CglibAopProxy$CglibMethodInvocation.proceed(CglibAopProxy.java:763)
	at org.springframework.aop.aspectj.AspectJAfterThrowingAdvice.invoke(AspectJAfterThrowingAdvice.java:64)
	at org.springframework.aop.framework.ReflectiveMethodInvocation.proceed(ReflectiveMethodInvocation.java:186)
	at org.springframework.aop.framework.CglibAopProxy$CglibMethodInvocation.proceed(CglibAopProxy.java:763)
	at org.springframework.aop.aspectj.AspectJAfterAdvice.invoke(AspectJAfterAdvice.java:49)
	at org.springframework.aop.framework.ReflectiveMethodInvocation.proceed(ReflectiveMethodInvocation.java:186)
	at org.springframework.aop.framework.CglibAopProxy$CglibMethodInvocation.proceed(CglibAopProxy.java:763)
	at org.springframework.aop.framework.adapter.MethodBeforeAdviceInterceptor.invoke(MethodBeforeAdviceInterceptor.java:58)
	at org.springframework.aop.framework.ReflectiveMethodInvocation.proceed(ReflectiveMethodInvocation.java:186)
	at org.springframework.aop.framework.CglibAopProxy$CglibMethodInvocation.proceed(CglibAopProxy.java:763)
	at org.springframework.aop.interceptor.ExposeInvocationInterceptor.invoke(ExposeInvocationInterceptor.java:97)
	at org.springframework.aop.framework.ReflectiveMethodInvocation.proceed(ReflectiveMethodInvocation.java:186)
	at org.springframework.aop.framework.CglibAopProxy$CglibMethodInvocation.proceed(CglibAopProxy.java:763)
	at org.springframework.aop.framework.CglibAopProxy$DynamicAdvisedInterceptor.intercept(CglibAopProxy.java:708)
	at com.aopolex.travel.controller.backstage.MemberController$$EnhancerBySpringCGLIB$$d1031931.register(<generated>)
	at sun.reflect.NativeMethodAccessorImpl.invoke0(Native Method)
	at sun.reflect.NativeMethodAccessorImpl.invoke(NativeMethodAccessorImpl.java:62)
	at sun.reflect.DelegatingMethodAccessorImpl.invoke(DelegatingMethodAccessorImpl.java:43)
	at java.lang.reflect.Method.invoke(Method.java:498)
	at org.springframework.web.method.support.InvocableHandlerMethod.doInvoke(InvocableHandlerMethod.java:205)
	at org.springframework.web.method.support.InvocableHandlerMethod.invokeForRequest(InvocableHandlerMethod.java:150)
	at org.springframework.web.servlet.mvc.method.annotation.ServletInvocableHandlerMethod.invokeAndHandle(ServletInvocableHandlerMethod.java:117)
	at org.springframework.web.servlet.mvc.method.annotation.RequestMappingHandlerAdapter.invokeHandlerMethod(RequestMappingHandlerAdapter.java:895)
	at org.springframework.web.servlet.mvc.method.annotation.RequestMappingHandlerAdapter.handleInternal(RequestMappingHandlerAdapter.java:808)
	at org.springframework.web.servlet.mvc.method.AbstractHandlerMethodAdapter.handle(AbstractHandlerMethodAdapter.java:87)
	at org.springframework.web.servlet.DispatcherServlet.doDispatch(DispatcherServlet.java:1071)
	at org.springframework.web.servlet.DispatcherServlet.doService(DispatcherServlet.java:964)
	at org.springframework.web.servlet.FrameworkServlet.processRequest(FrameworkServlet.java:1006)
	at org.springframework.web.servlet.FrameworkServlet.doPost(FrameworkServlet.java:909)
	at javax.servlet.http.HttpServlet.service(HttpServlet.java:696)
	at org.springframework.web.servlet.FrameworkServlet.service(FrameworkServlet.java:883)
	at javax.servlet.http.HttpServlet.service(HttpServlet.java:779)
	at org.apache.catalina.core.ApplicationFilterChain.internalDoFilter(ApplicationFilterChain.java:227)
	at org.apache.catalina.core.ApplicationFilterChain.doFilter(ApplicationFilterChain.java:162)
	at org.apache.tomcat.websocket.server.WsFilter.doFilter(WsFilter.java:53)
	at org.apache.catalina.core.ApplicationFilterChain.internalDoFilter(ApplicationFilterChain.java:189)
	at org.apache.catalina.core.ApplicationFilterChain.doFilter(ApplicationFilterChain.java:162)
	at org.springframework.security.web.FilterChainProxy$VirtualFilterChain.doFilter(FilterChainProxy.java:337)
	at org.springframework.security.web.access.intercept.FilterSecurityInterceptor.invoke(FilterSecurityInterceptor.java:115)
	at org.springframework.security.web.access.intercept.FilterSecurityInterceptor.doFilter(FilterSecurityInterceptor.java:81)
	at org.springframework.security.web.FilterChainProxy$VirtualFilterChain.doFilter(FilterChainProxy.java:346)
	at org.springframework.security.web.access.ExceptionTranslationFilter.doFilter(ExceptionTranslationFilter.java:122)
	at org.springframework.security.web.access.ExceptionTranslationFilter.doFilter(ExceptionTranslationFilter.java:116)
	at org.springframework.security.web.FilterChainProxy$VirtualFilterChain.doFilter(FilterChainProxy.java:346)
	at org.springframework.security.web.session.SessionManagementFilter.doFilter(SessionManagementFilter.java:126)
	at org.springframework.security.web.session.SessionManagementFilter.doFilter(SessionManagementFilter.java:81)
	at org.springframework.security.web.FilterChainProxy$VirtualFilterChain.doFilter(FilterChainProxy.java:346)
	at org.springframework.security.web.authentication.AnonymousAuthenticationFilter.doFilter(AnonymousAuthenticationFilter.java:109)
	at org.springframework.security.web.FilterChainProxy$VirtualFilterChain.doFilter(FilterChainProxy.java:346)
	at org.springframework.security.web.servletapi.SecurityContextHolderAwareRequestFilter.doFilter(SecurityContextHolderAwareRequestFilter.java:149)
	at org.springframework.security.web.FilterChainProxy$VirtualFilterChain.doFilter(FilterChainProxy.java:346)
	at org.springframework.security.web.savedrequest.RequestCacheAwareFilter.doFilter(RequestCacheAwareFilter.java:63)
	at org.springframework.security.web.FilterChainProxy$VirtualFilterChain.doFilter(FilterChainProxy.java:346)
	at org.springframework.security.web.authentication.AbstractAuthenticationProcessingFilter.doFilter(AbstractAuthenticationProcessingFilter.java:223)
	at org.springframework.security.web.authentication.AbstractAuthenticationProcessingFilter.doFilter(AbstractAuthenticationProcessingFilter.java:217)
	at org.springframework.security.web.FilterChainProxy$VirtualFilterChain.doFilter(FilterChainProxy.java:346)
	at org.springframework.security.web.authentication.logout.LogoutFilter.doFilter(LogoutFilter.java:103)
	at org.springframework.security.web.authentication.logout.LogoutFilter.doFilter(LogoutFilter.java:89)
	at org.springframework.security.web.FilterChainProxy$VirtualFilterChain.doFilter(FilterChainProxy.java:346)
	at org.springframework.web.filter.CorsFilter.doFilterInternal(CorsFilter.java:91)
	at org.springframework.web.filter.OncePerRequestFilter.doFilter(OncePerRequestFilter.java:117)
	at org.springframework.security.web.FilterChainProxy$VirtualFilterChain.doFilter(FilterChainProxy.java:346)
	at org.springframework.security.web.header.HeaderWriterFilter.doHeadersAfter(HeaderWriterFilter.java:90)
	at org.springframework.security.web.header.HeaderWriterFilter.doFilterInternal(HeaderWriterFilter.java:75)
	at org.springframework.web.filter.OncePerRequestFilter.doFilter(OncePerRequestFilter.java:117)
	at org.springframework.security.web.FilterChainProxy$VirtualFilterChain.doFilter(FilterChainProxy.java:346)
	at org.springframework.security.web.context.SecurityContextPersistenceFilter.doFilter(SecurityContextPersistenceFilter.java:112)
	at org.springframework.security.web.context.SecurityContextPersistenceFilter.doFilter(SecurityContextPersistenceFilter.java:82)
	at org.springframework.security.web.FilterChainProxy$VirtualFilterChain.doFilter(FilterChainProxy.java:346)
	at org.springframework.security.web.context.request.async.WebAsyncManagerIntegrationFilter.doFilterInternal(WebAsyncManagerIntegrationFilter.java:55)
	at org.springframework.web.filter.OncePerRequestFilter.doFilter(OncePerRequestFilter.java:117)
	at org.springframework.security.web.FilterChainProxy$VirtualFilterChain.doFilter(FilterChainProxy.java:346)
	at org.springframework.security.web.session.DisableEncodeUrlFilter.doFilterInternal(DisableEncodeUrlFilter.java:42)
	at org.springframework.web.filter.OncePerRequestFilter.doFilter(OncePerRequestFilter.java:117)
	at org.springframework.security.web.FilterChainProxy$VirtualFilterChain.doFilter(FilterChainProxy.java:346)
	at org.springframework.security.web.FilterChainProxy.doFilterInternal(FilterChainProxy.java:221)
	at org.springframework.security.web.FilterChainProxy.doFilter(FilterChainProxy.java:186)
	at org.springframework.web.filter.DelegatingFilterProxy.invokeDelegate(DelegatingFilterProxy.java:354)
	at org.springframework.web.filter.DelegatingFilterProxy.doFilter(DelegatingFilterProxy.java:267)
	at org.apache.catalina.core.ApplicationFilterChain.internalDoFilter(ApplicationFilterChain.java:189)
	at org.apache.catalina.core.ApplicationFilterChain.doFilter(ApplicationFilterChain.java:162)
	at org.springframework.web.filter.RequestContextFilter.doFilterInternal(RequestContextFilter.java:100)
	at org.springframework.web.filter.OncePerRequestFilter.doFilter(OncePerRequestFilter.java:117)
	at org.apache.catalina.core.ApplicationFilterChain.internalDoFilter(ApplicationFilterChain.java:189)
	at org.apache.catalina.core.ApplicationFilterChain.doFilter(ApplicationFilterChain.java:162)
	at org.springframework.web.filter.FormContentFilter.doFilterInternal(FormContentFilter.java:93)
	at org.springframework.web.filter.OncePerRequestFilter.doFilter(OncePerRequestFilter.java:117)
	at org.apache.catalina.core.ApplicationFilterChain.internalDoFilter(ApplicationFilterChain.java:189)
	at org.apache.catalina.core.ApplicationFilterChain.doFilter(ApplicationFilterChain.java:162)
	at org.springframework.web.filter.CharacterEncodingFilter.doFilterInternal(CharacterEncodingFilter.java:201)
	at org.springframework.web.filter.OncePerRequestFilter.doFilter(OncePerRequestFilter.java:117)
	at org.apache.catalina.core.ApplicationFilterChain.internalDoFilter(ApplicationFilterChain.java:189)
	at org.apache.catalina.core.ApplicationFilterChain.doFilter(ApplicationFilterChain.java:162)
	at org.apache.catalina.core.StandardWrapperValve.invoke(StandardWrapperValve.java:177)
	at org.apache.catalina.core.StandardContextValve.invoke(StandardContextValve.java:97)
	at org.apache.catalina.authenticator.AuthenticatorBase.invoke(AuthenticatorBase.java:541)
	at org.apache.catalina.core.StandardHostValve.invoke(StandardHostValve.java:135)
	at org.apache.catalina.valves.ErrorReportValve.invoke(ErrorReportValve.java:92)
	at org.apache.catalina.core.StandardEngineValve.invoke(StandardEngineValve.java:78)
	at org.apache.catalina.connector.CoyoteAdapter.service(CoyoteAdapter.java:360)
	at org.apache.coyote.http11.Http11Processor.service(Http11Processor.java:399)
	at org.apache.coyote.AbstractProcessorLight.process(AbstractProcessorLight.java:65)
	at org.apache.coyote.AbstractProtocol$ConnectionHandler.process(AbstractProtocol.java:891)
	at org.apache.tomcat.util.net.NioEndpoint$SocketProcessor.doRun(NioEndpoint.java:1784)
	at org.apache.tomcat.util.net.SocketProcessorBase.run(SocketProcessorBase.java:49)
	at org.apache.tomcat.util.threads.ThreadPoolExecutor.runWorker(ThreadPoolExecutor.java:1191)
	at org.apache.tomcat.util.threads.ThreadPoolExecutor$Worker.run(ThreadPoolExecutor.java:659)
	at org.apache.tomcat.util.threads.TaskThread$WrappingRunnable.run(TaskThread.java:61)
	at java.lang.Thread.run(Thread.java:748)
18:10:32.995 [SpringApplicationShutdownHook] INFO  com.zaxxer.hikari.HikariDataSource - HikariPool-1 - Shutdown initiated...
18:10:33.011 [SpringApplicationShutdownHook] INFO  com.zaxxer.hikari.HikariDataSource - HikariPool-1 - Shutdown completed.
18:10:43.057 [main] INFO  com.aopolex.travel.TravelApplication - Starting TravelApplication using Java 1.8.0_301 on LAPTOP-TMK1TVK9 with PID 11776 (D:\JavaProject\Travel\target\classes started by AoPoLex in D:\JavaProject\Travel)
18:10:43.060 [main] INFO  com.aopolex.travel.TravelApplication - No active profile set, falling back to 1 default profile: "default"
18:10:46.247 [main] INFO  o.s.boot.web.embedded.tomcat.TomcatWebServer - Tomcat initialized with port(s): 80 (http)
18:10:46.277 [main] INFO  org.apache.coyote.http11.Http11NioProtocol - Initializing ProtocolHandler ["http-nio-80"]
18:10:46.280 [main] INFO  org.apache.catalina.core.StandardService - Starting service [Tomcat]
18:10:46.280 [main] INFO  org.apache.catalina.core.StandardEngine - Starting Servlet engine: [Apache Tomcat/9.0.70]
18:10:46.809 [main] INFO  o.a.c.core.ContainerBase.[Tomcat].[localhost].[/] - Initializing Spring embedded WebApplicationContext
18:10:46.810 [main] INFO  o.s.b.w.s.c.ServletWebServerApplicationContext - Root WebApplicationContext: initialization completed in 3665 ms
18:10:50.617 [main] INFO  o.s.security.web.DefaultSecurityFilterChain - Will secure any request with [org.springframework.security.web.session.DisableEncodeUrlFilter@9ab310b, org.springframework.security.web.context.request.async.WebAsyncManagerIntegrationFilter@5b40de43, org.springframework.security.web.context.SecurityContextPersistenceFilter@318c68d5, org.springframework.security.web.header.HeaderWriterFilter@3d9f5016, org.springframework.web.filter.CorsFilter@49fb0bbd, org.springframework.security.web.authentication.logout.LogoutFilter@5f59ea8c, org.springframework.security.web.authentication.UsernamePasswordAuthenticationFilter@4dc7cd1c, org.springframework.security.web.savedrequest.RequestCacheAwareFilter@76bf1bb8, org.springframework.security.web.servletapi.SecurityContextHolderAwareRequestFilter@6baf25d7, org.springframework.security.web.authentication.AnonymousAuthenticationFilter@5489b1f7, org.springframework.security.web.session.SessionManagementFilter@3878be7b, org.springframework.security.web.access.ExceptionTranslationFilter@77db3d02, org.springframework.security.web.access.intercept.FilterSecurityInterceptor@173f1614]
18:10:50.745 [main] INFO  org.apache.coyote.http11.Http11NioProtocol - Starting ProtocolHandler ["http-nio-80"]
18:10:50.772 [main] INFO  o.s.boot.web.embedded.tomcat.TomcatWebServer - Tomcat started on port(s): 80 (http) with context path ''
18:10:50.787 [main] INFO  com.aopolex.travel.TravelApplication - Started TravelApplication in 8.436 seconds (JVM running for 9.859)
18:10:57.849 [http-nio-80-exec-1] INFO  o.a.c.core.ContainerBase.[Tomcat].[localhost].[/] - Initializing Spring DispatcherServlet 'dispatcherServlet'
18:10:57.850 [http-nio-80-exec-1] INFO  org.springframework.web.servlet.DispatcherServlet - Initializing Servlet 'dispatcherServlet'
18:10:57.852 [http-nio-80-exec-1] INFO  org.springframework.web.servlet.DispatcherServlet - Completed initialization in 2 ms
18:11:13.286 [http-nio-80-exec-5] INFO  com.zaxxer.hikari.HikariDataSource - HikariPool-1 - Starting...
18:11:14.285 [http-nio-80-exec-5] INFO  com.zaxxer.hikari.HikariDataSource - HikariPool-1 - Start completed.
18:11:14.388 [http-nio-80-exec-5] INFO  com.aopolex.travel.aop.LogAop - Log(url=/frontdesk/member/register, visitTime=Sun Jan 15 18:11:13 CST 2023, username=null, ip=0:0:0:0:0:0:0:1, executionTime=1221, exceptionMessage=null)
20:07:39.161 [HikariPool-1 housekeeper] WARN  com.zaxxer.hikari.pool.HikariPool - HikariPool-1 - Thread starvation or clock leap detected (housekeeper delta=1h32m54s404ms60µs600ns).
22:02:13.364 [http-nio-80-exec-2] INFO  com.aopolex.travel.aop.LogAop - Log(url=/frontdesk/member/register, visitTime=Sun Jan 15 22:02:13 CST 2023, username=null, ip=0:0:0:0:0:0:0:1, executionTime=1, exceptionMessage=null)
22:02:13.365 [http-nio-80-exec-2] INFO  com.aopolex.travel.aop.LogAop - Log(url=/frontdesk/member/register, visitTime=Sun Jan 15 22:02:13 CST 2023, username=null, ip=0:0:0:0:0:0:0:1, executionTime=1, exceptionMessage=null)
22:02:13.378 [http-nio-80-exec-2] ERROR o.a.c.c.C.[.[localhost].[/].[dispatcherServlet] - Servlet.service() for servlet [dispatcherServlet] in context with path [] threw exception [Request processing failed; nested exception is java.lang.NullPointerException] with root cause
java.lang.NullPointerException: null
	at com.aopolex.travel.controller.backstage.MemberController.register(MemberController.java:23)
	at com.aopolex.travel.controller.backstage.MemberController$$FastClassBySpringCGLIB$$d33340b4.invoke(<generated>)
	at org.springframework.cglib.proxy.MethodProxy.invoke(MethodProxy.java:218)
	at org.springframework.aop.framework.CglibAopProxy$CglibMethodInvocation.invokeJoinpoint(CglibAopProxy.java:793)
	at org.springframework.aop.framework.ReflectiveMethodInvocation.proceed(ReflectiveMethodInvocation.java:163)
	at org.springframework.aop.framework.CglibAopProxy$CglibMethodInvocation.proceed(CglibAopProxy.java:763)
	at org.springframework.aop.aspectj.AspectJAfterThrowingAdvice.invoke(AspectJAfterThrowingAdvice.java:64)
	at org.springframework.aop.framework.ReflectiveMethodInvocation.proceed(ReflectiveMethodInvocation.java:186)
	at org.springframework.aop.framework.CglibAopProxy$CglibMethodInvocation.proceed(CglibAopProxy.java:763)
	at org.springframework.aop.aspectj.AspectJAfterAdvice.invoke(AspectJAfterAdvice.java:49)
	at org.springframework.aop.framework.ReflectiveMethodInvocation.proceed(ReflectiveMethodInvocation.java:186)
	at org.springframework.aop.framework.CglibAopProxy$CglibMethodInvocation.proceed(CglibAopProxy.java:763)
	at org.springframework.aop.framework.adapter.MethodBeforeAdviceInterceptor.invoke(MethodBeforeAdviceInterceptor.java:58)
	at org.springframework.aop.framework.ReflectiveMethodInvocation.proceed(ReflectiveMethodInvocation.java:186)
	at org.springframework.aop.framework.CglibAopProxy$CglibMethodInvocation.proceed(CglibAopProxy.java:763)
	at org.springframework.aop.interceptor.ExposeInvocationInterceptor.invoke(ExposeInvocationInterceptor.java:97)
	at org.springframework.aop.framework.ReflectiveMethodInvocation.proceed(ReflectiveMethodInvocation.java:186)
	at org.springframework.aop.framework.CglibAopProxy$CglibMethodInvocation.proceed(CglibAopProxy.java:763)
	at org.springframework.aop.framework.CglibAopProxy$DynamicAdvisedInterceptor.intercept(CglibAopProxy.java:708)
	at com.aopolex.travel.controller.backstage.MemberController$$EnhancerBySpringCGLIB$$972f2b76.register(<generated>)
	at sun.reflect.NativeMethodAccessorImpl.invoke0(Native Method)
	at sun.reflect.NativeMethodAccessorImpl.invoke(NativeMethodAccessorImpl.java:62)
	at sun.reflect.DelegatingMethodAccessorImpl.invoke(DelegatingMethodAccessorImpl.java:43)
	at java.lang.reflect.Method.invoke(Method.java:498)
	at org.springframework.web.method.support.InvocableHandlerMethod.doInvoke(InvocableHandlerMethod.java:205)
	at org.springframework.web.method.support.InvocableHandlerMethod.invokeForRequest(InvocableHandlerMethod.java:150)
	at org.springframework.web.servlet.mvc.method.annotation.ServletInvocableHandlerMethod.invokeAndHandle(ServletInvocableHandlerMethod.java:117)
	at org.springframework.web.servlet.mvc.method.annotation.RequestMappingHandlerAdapter.invokeHandlerMethod(RequestMappingHandlerAdapter.java:895)
	at org.springframework.web.servlet.mvc.method.annotation.RequestMappingHandlerAdapter.handleInternal(RequestMappingHandlerAdapter.java:808)
	at org.springframework.web.servlet.mvc.method.AbstractHandlerMethodAdapter.handle(AbstractHandlerMethodAdapter.java:87)
	at org.springframework.web.servlet.DispatcherServlet.doDispatch(DispatcherServlet.java:1071)
	at org.springframework.web.servlet.DispatcherServlet.doService(DispatcherServlet.java:964)
	at org.springframework.web.servlet.FrameworkServlet.processRequest(FrameworkServlet.java:1006)
	at org.springframework.web.servlet.FrameworkServlet.doPost(FrameworkServlet.java:909)
	at javax.servlet.http.HttpServlet.service(HttpServlet.java:696)
	at org.springframework.web.servlet.FrameworkServlet.service(FrameworkServlet.java:883)
	at javax.servlet.http.HttpServlet.service(HttpServlet.java:779)
	at org.apache.catalina.core.ApplicationFilterChain.internalDoFilter(ApplicationFilterChain.java:227)
	at org.apache.catalina.core.ApplicationFilterChain.doFilter(ApplicationFilterChain.java:162)
	at org.apache.tomcat.websocket.server.WsFilter.doFilter(WsFilter.java:53)
	at org.apache.catalina.core.ApplicationFilterChain.internalDoFilter(ApplicationFilterChain.java:189)
	at org.apache.catalina.core.ApplicationFilterChain.doFilter(ApplicationFilterChain.java:162)
	at org.springframework.security.web.FilterChainProxy$VirtualFilterChain.doFilter(FilterChainProxy.java:337)
	at org.springframework.security.web.access.intercept.FilterSecurityInterceptor.invoke(FilterSecurityInterceptor.java:115)
	at org.springframework.security.web.access.intercept.FilterSecurityInterceptor.doFilter(FilterSecurityInterceptor.java:81)
	at org.springframework.security.web.FilterChainProxy$VirtualFilterChain.doFilter(FilterChainProxy.java:346)
	at org.springframework.security.web.access.ExceptionTranslationFilter.doFilter(ExceptionTranslationFilter.java:122)
	at org.springframework.security.web.access.ExceptionTranslationFilter.doFilter(ExceptionTranslationFilter.java:116)
	at org.springframework.security.web.FilterChainProxy$VirtualFilterChain.doFilter(FilterChainProxy.java:346)
	at org.springframework.security.web.session.SessionManagementFilter.doFilter(SessionManagementFilter.java:126)
	at org.springframework.security.web.session.SessionManagementFilter.doFilter(SessionManagementFilter.java:81)
	at org.springframework.security.web.FilterChainProxy$VirtualFilterChain.doFilter(FilterChainProxy.java:346)
	at org.springframework.security.web.authentication.AnonymousAuthenticationFilter.doFilter(AnonymousAuthenticationFilter.java:109)
	at org.springframework.security.web.FilterChainProxy$VirtualFilterChain.doFilter(FilterChainProxy.java:346)
	at org.springframework.security.web.servletapi.SecurityContextHolderAwareRequestFilter.doFilter(SecurityContextHolderAwareRequestFilter.java:149)
	at org.springframework.security.web.FilterChainProxy$VirtualFilterChain.doFilter(FilterChainProxy.java:346)
	at org.springframework.security.web.savedrequest.RequestCacheAwareFilter.doFilter(RequestCacheAwareFilter.java:63)
	at org.springframework.security.web.FilterChainProxy$VirtualFilterChain.doFilter(FilterChainProxy.java:346)
	at org.springframework.security.web.authentication.AbstractAuthenticationProcessingFilter.doFilter(AbstractAuthenticationProcessingFilter.java:223)
	at org.springframework.security.web.authentication.AbstractAuthenticationProcessingFilter.doFilter(AbstractAuthenticationProcessingFilter.java:217)
	at org.springframework.security.web.FilterChainProxy$VirtualFilterChain.doFilter(FilterChainProxy.java:346)
	at org.springframework.security.web.authentication.logout.LogoutFilter.doFilter(LogoutFilter.java:103)
	at org.springframework.security.web.authentication.logout.LogoutFilter.doFilter(LogoutFilter.java:89)
	at org.springframework.security.web.FilterChainProxy$VirtualFilterChain.doFilter(FilterChainProxy.java:346)
	at org.springframework.web.filter.CorsFilter.doFilterInternal(CorsFilter.java:91)
	at org.springframework.web.filter.OncePerRequestFilter.doFilter(OncePerRequestFilter.java:117)
	at org.springframework.security.web.FilterChainProxy$VirtualFilterChain.doFilter(FilterChainProxy.java:346)
	at org.springframework.security.web.header.HeaderWriterFilter.doHeadersAfter(HeaderWriterFilter.java:90)
	at org.springframework.security.web.header.HeaderWriterFilter.doFilterInternal(HeaderWriterFilter.java:75)
	at org.springframework.web.filter.OncePerRequestFilter.doFilter(OncePerRequestFilter.java:117)
	at org.springframework.security.web.FilterChainProxy$VirtualFilterChain.doFilter(FilterChainProxy.java:346)
	at org.springframework.security.web.context.SecurityContextPersistenceFilter.doFilter(SecurityContextPersistenceFilter.java:112)
	at org.springframework.security.web.context.SecurityContextPersistenceFilter.doFilter(SecurityContextPersistenceFilter.java:82)
	at org.springframework.security.web.FilterChainProxy$VirtualFilterChain.doFilter(FilterChainProxy.java:346)
	at org.springframework.security.web.context.request.async.WebAsyncManagerIntegrationFilter.doFilterInternal(WebAsyncManagerIntegrationFilter.java:55)
	at org.springframework.web.filter.OncePerRequestFilter.doFilter(OncePerRequestFilter.java:117)
	at org.springframework.security.web.FilterChainProxy$VirtualFilterChain.doFilter(FilterChainProxy.java:346)
	at org.springframework.security.web.session.DisableEncodeUrlFilter.doFilterInternal(DisableEncodeUrlFilter.java:42)
	at org.springframework.web.filter.OncePerRequestFilter.doFilter(OncePerRequestFilter.java:117)
	at org.springframework.security.web.FilterChainProxy$VirtualFilterChain.doFilter(FilterChainProxy.java:346)
	at org.springframework.security.web.FilterChainProxy.doFilterInternal(FilterChainProxy.java:221)
	at org.springframework.security.web.FilterChainProxy.doFilter(FilterChainProxy.java:186)
	at org.springframework.web.filter.DelegatingFilterProxy.invokeDelegate(DelegatingFilterProxy.java:354)
	at org.springframework.web.filter.DelegatingFilterProxy.doFilter(DelegatingFilterProxy.java:267)
	at org.apache.catalina.core.ApplicationFilterChain.internalDoFilter(ApplicationFilterChain.java:189)
	at org.apache.catalina.core.ApplicationFilterChain.doFilter(ApplicationFilterChain.java:162)
	at org.springframework.web.filter.RequestContextFilter.doFilterInternal(RequestContextFilter.java:100)
	at org.springframework.web.filter.OncePerRequestFilter.doFilter(OncePerRequestFilter.java:117)
	at org.apache.catalina.core.ApplicationFilterChain.internalDoFilter(ApplicationFilterChain.java:189)
	at org.apache.catalina.core.ApplicationFilterChain.doFilter(ApplicationFilterChain.java:162)
	at org.springframework.web.filter.FormContentFilter.doFilterInternal(FormContentFilter.java:93)
	at org.springframework.web.filter.OncePerRequestFilter.doFilter(OncePerRequestFilter.java:117)
	at org.apache.catalina.core.ApplicationFilterChain.internalDoFilter(ApplicationFilterChain.java:189)
	at org.apache.catalina.core.ApplicationFilterChain.doFilter(ApplicationFilterChain.java:162)
	at org.springframework.web.filter.CharacterEncodingFilter.doFilterInternal(CharacterEncodingFilter.java:201)
	at org.springframework.web.filter.OncePerRequestFilter.doFilter(OncePerRequestFilter.java:117)
	at org.apache.catalina.core.ApplicationFilterChain.internalDoFilter(ApplicationFilterChain.java:189)
	at org.apache.catalina.core.ApplicationFilterChain.doFilter(ApplicationFilterChain.java:162)
	at org.apache.catalina.core.StandardWrapperValve.invoke(StandardWrapperValve.java:177)
	at org.apache.catalina.core.StandardContextValve.invoke(StandardContextValve.java:97)
	at org.apache.catalina.authenticator.AuthenticatorBase.invoke(AuthenticatorBase.java:541)
	at org.apache.catalina.core.StandardHostValve.invoke(StandardHostValve.java:135)
	at org.apache.catalina.valves.ErrorReportValve.invoke(ErrorReportValve.java:92)
	at org.apache.catalina.core.StandardEngineValve.invoke(StandardEngineValve.java:78)
	at org.apache.catalina.connector.CoyoteAdapter.service(CoyoteAdapter.java:360)
	at org.apache.coyote.http11.Http11Processor.service(Http11Processor.java:399)
	at org.apache.coyote.AbstractProcessorLight.process(AbstractProcessorLight.java:65)
	at org.apache.coyote.AbstractProtocol$ConnectionHandler.process(AbstractProtocol.java:891)
	at org.apache.tomcat.util.net.NioEndpoint$SocketProcessor.doRun(NioEndpoint.java:1784)
	at org.apache.tomcat.util.net.SocketProcessorBase.run(SocketProcessorBase.java:49)
	at org.apache.tomcat.util.threads.ThreadPoolExecutor.runWorker(ThreadPoolExecutor.java:1191)
	at org.apache.tomcat.util.threads.ThreadPoolExecutor$Worker.run(ThreadPoolExecutor.java:659)
	at org.apache.tomcat.util.threads.TaskThread$WrappingRunnable.run(TaskThread.java:61)
	at java.lang.Thread.run(Thread.java:748)
22:03:06.098 [SpringApplicationShutdownHook] INFO  com.zaxxer.hikari.HikariDataSource - HikariPool-1 - Shutdown initiated...
22:03:06.106 [SpringApplicationShutdownHook] INFO  com.zaxxer.hikari.HikariDataSource - HikariPool-1 - Shutdown completed.
22:03:11.275 [main] INFO  com.aopolex.travel.TravelApplication - Starting TravelApplication using Java 1.8.0_301 on LAPTOP-TMK1TVK9 with PID 8076 (D:\JavaProject\Travel\target\classes started by AoPoLex in D:\JavaProject\Travel)
22:03:11.278 [main] INFO  com.aopolex.travel.TravelApplication - No active profile set, falling back to 1 default profile: "default"
22:03:12.329 [main] INFO  o.s.boot.web.embedded.tomcat.TomcatWebServer - Tomcat initialized with port(s): 80 (http)
22:03:12.335 [main] INFO  org.apache.coyote.http11.Http11NioProtocol - Initializing ProtocolHandler ["http-nio-80"]
22:03:12.335 [main] INFO  org.apache.catalina.core.StandardService - Starting service [Tomcat]
22:03:12.335 [main] INFO  org.apache.catalina.core.StandardEngine - Starting Servlet engine: [Apache Tomcat/9.0.70]
22:03:12.433 [main] INFO  o.a.c.core.ContainerBase.[Tomcat].[localhost].[/] - Initializing Spring embedded WebApplicationContext
22:03:12.433 [main] INFO  o.s.b.w.s.c.ServletWebServerApplicationContext - Root WebApplicationContext: initialization completed in 1113 ms
22:03:13.836 [main] INFO  o.s.security.web.DefaultSecurityFilterChain - Will secure any request with [org.springframework.security.web.session.DisableEncodeUrlFilter@1e7f19b4, org.springframework.security.web.context.request.async.WebAsyncManagerIntegrationFilter@235b4cb8, org.springframework.security.web.context.SecurityContextPersistenceFilter@6baf25d7, org.springframework.security.web.header.HeaderWriterFilter@2a235b8e, org.springframework.web.filter.CorsFilter@4346808, org.springframework.security.web.authentication.logout.LogoutFilter@438c9aa7, org.springframework.security.web.authentication.UsernamePasswordAuthenticationFilter@71b6172c, org.springframework.security.web.savedrequest.RequestCacheAwareFilter@270d43a7, org.springframework.security.web.servletapi.SecurityContextHolderAwareRequestFilter@7b2ccba5, org.springframework.security.web.authentication.AnonymousAuthenticationFilter@17fede14, org.springframework.security.web.session.SessionManagementFilter@38d08cb5, org.springframework.security.web.access.ExceptionTranslationFilter@63f855b, org.springframework.security.web.access.intercept.FilterSecurityInterceptor@671ea6ff]
22:03:13.892 [main] INFO  org.apache.coyote.http11.Http11NioProtocol - Starting ProtocolHandler ["http-nio-80"]
22:03:13.905 [main] INFO  o.s.boot.web.embedded.tomcat.TomcatWebServer - Tomcat started on port(s): 80 (http) with context path ''
22:03:13.914 [main] INFO  com.aopolex.travel.TravelApplication - Started TravelApplication in 2.984 seconds (JVM running for 3.651)
22:03:20.252 [http-nio-80-exec-1] INFO  o.a.c.core.ContainerBase.[Tomcat].[localhost].[/] - Initializing Spring DispatcherServlet 'dispatcherServlet'
22:03:20.253 [http-nio-80-exec-1] INFO  org.springframework.web.servlet.DispatcherServlet - Initializing Servlet 'dispatcherServlet'
22:03:20.253 [http-nio-80-exec-1] INFO  org.springframework.web.servlet.DispatcherServlet - Completed initialization in 0 ms
22:03:44.092 [http-nio-80-exec-10] INFO  com.zaxxer.hikari.HikariDataSource - HikariPool-1 - Starting...
22:03:44.639 [http-nio-80-exec-10] INFO  com.zaxxer.hikari.HikariDataSource - HikariPool-1 - Start completed.
22:03:44.838 [http-nio-80-exec-10] INFO  com.aopolex.travel.aop.LogAop - Log(url=/frontdesk/member/register, visitTime=Sun Jan 15 22:03:44 CST 2023, username=null, ip=0:0:0:0:0:0:0:1, executionTime=828, exceptionMessage=null)
22:04:18.516 [http-nio-80-exec-4] INFO  com.aopolex.travel.aop.LogAop - Log(url=/frontdesk/member/register, visitTime=Sun Jan 15 22:04:18 CST 2023, username=null, ip=0:0:0:0:0:0:0:1, executionTime=11, exceptionMessage=null)
22:04:44.613 [SpringApplicationShutdownHook] INFO  com.zaxxer.hikari.HikariDataSource - HikariPool-1 - Shutdown initiated...
22:04:44.617 [SpringApplicationShutdownHook] INFO  com.zaxxer.hikari.HikariDataSource - HikariPool-1 - Shutdown completed.
22:04:47.669 [main] INFO  com.aopolex.travel.TravelApplication - Starting TravelApplication using Java 1.8.0_301 on LAPTOP-TMK1TVK9 with PID 14940 (D:\JavaProject\Travel\target\classes started by AoPoLex in D:\JavaProject\Travel)
22:04:47.671 [main] INFO  com.aopolex.travel.TravelApplication - No active profile set, falling back to 1 default profile: "default"
22:04:48.725 [main] INFO  o.s.boot.web.embedded.tomcat.TomcatWebServer - Tomcat initialized with port(s): 80 (http)
22:04:48.731 [main] INFO  org.apache.coyote.http11.Http11NioProtocol - Initializing ProtocolHandler ["http-nio-80"]
22:04:48.732 [main] INFO  org.apache.catalina.core.StandardService - Starting service [Tomcat]
22:04:48.732 [main] INFO  org.apache.catalina.core.StandardEngine - Starting Servlet engine: [Apache Tomcat/9.0.70]
22:04:48.830 [main] INFO  o.a.c.core.ContainerBase.[Tomcat].[localhost].[/] - Initializing Spring embedded WebApplicationContext
22:04:48.830 [main] INFO  o.s.b.w.s.c.ServletWebServerApplicationContext - Root WebApplicationContext: initialization completed in 1114 ms
22:04:50.221 [main] INFO  o.s.security.web.DefaultSecurityFilterChain - Will secure any request with [org.springframework.security.web.session.DisableEncodeUrlFilter@ab24484, org.springframework.security.web.context.request.async.WebAsyncManagerIntegrationFilter@54e43bfe, org.springframework.security.web.context.SecurityContextPersistenceFilter@3e8799f, org.springframework.security.web.header.HeaderWriterFilter@b27b210, org.springframework.web.filter.CorsFilter@106b014e, org.springframework.security.web.authentication.logout.LogoutFilter@17b016ac, org.springframework.security.web.authentication.UsernamePasswordAuthenticationFilter@56cc9f29, org.springframework.security.web.savedrequest.RequestCacheAwareFilter@4dc7cd1c, org.springframework.security.web.servletapi.SecurityContextHolderAwareRequestFilter@2ceca2ef, org.springframework.security.web.authentication.AnonymousAuthenticationFilter@64387c17, org.springframework.security.web.session.SessionManagementFilter@33f17289, org.springframework.security.web.access.ExceptionTranslationFilter@38d08cb5, org.springframework.security.web.access.intercept.FilterSecurityInterceptor@2e1b374c]
22:04:50.271 [main] INFO  org.apache.coyote.http11.Http11NioProtocol - Starting ProtocolHandler ["http-nio-80"]
22:04:50.284 [main] INFO  o.s.boot.web.embedded.tomcat.TomcatWebServer - Tomcat started on port(s): 80 (http) with context path ''
22:04:50.293 [main] INFO  com.aopolex.travel.TravelApplication - Started TravelApplication in 2.985 seconds (JVM running for 3.659)
22:04:56.259 [http-nio-80-exec-1] INFO  o.a.c.core.ContainerBase.[Tomcat].[localhost].[/] - Initializing Spring DispatcherServlet 'dispatcherServlet'
22:04:56.260 [http-nio-80-exec-1] INFO  org.springframework.web.servlet.DispatcherServlet - Initializing Servlet 'dispatcherServlet'
22:04:56.260 [http-nio-80-exec-1] INFO  org.springframework.web.servlet.DispatcherServlet - Completed initialization in 0 ms
22:04:56.307 [http-nio-80-exec-1] INFO  com.aopolex.travel.aop.LogAop - Log(url=/frontdesk/member/register, visitTime=Sun Jan 15 22:04:56 CST 2023, username=null, ip=0:0:0:0:0:0:0:1, executionTime=4, exceptionMessage=null)
22:04:56.307 [http-nio-80-exec-1] INFO  com.aopolex.travel.aop.LogAop - Log(url=/frontdesk/member/register, visitTime=Sun Jan 15 22:04:56 CST 2023, username=null, ip=0:0:0:0:0:0:0:1, executionTime=5, exceptionMessage=null)
22:04:56.314 [http-nio-80-exec-1] ERROR o.a.c.c.C.[.[localhost].[/].[dispatcherServlet] - Servlet.service() for servlet [dispatcherServlet] in context with path [] threw exception [Request processing failed; nested exception is java.lang.NullPointerException] with root cause
java.lang.NullPointerException: null
	at com.aopolex.travel.controller.backstage.MemberController.register(MemberController.java:24)
	at com.aopolex.travel.controller.backstage.MemberController$$FastClassBySpringCGLIB$$d33340b4.invoke(<generated>)
	at org.springframework.cglib.proxy.MethodProxy.invoke(MethodProxy.java:218)
	at org.springframework.aop.framework.CglibAopProxy$CglibMethodInvocation.invokeJoinpoint(CglibAopProxy.java:793)
	at org.springframework.aop.framework.ReflectiveMethodInvocation.proceed(ReflectiveMethodInvocation.java:163)
	at org.springframework.aop.framework.CglibAopProxy$CglibMethodInvocation.proceed(CglibAopProxy.java:763)
	at org.springframework.aop.aspectj.AspectJAfterThrowingAdvice.invoke(AspectJAfterThrowingAdvice.java:64)
	at org.springframework.aop.framework.ReflectiveMethodInvocation.proceed(ReflectiveMethodInvocation.java:186)
	at org.springframework.aop.framework.CglibAopProxy$CglibMethodInvocation.proceed(CglibAopProxy.java:763)
	at org.springframework.aop.aspectj.AspectJAfterAdvice.invoke(AspectJAfterAdvice.java:49)
	at org.springframework.aop.framework.ReflectiveMethodInvocation.proceed(ReflectiveMethodInvocation.java:186)
	at org.springframework.aop.framework.CglibAopProxy$CglibMethodInvocation.proceed(CglibAopProxy.java:763)
	at org.springframework.aop.framework.adapter.MethodBeforeAdviceInterceptor.invoke(MethodBeforeAdviceInterceptor.java:58)
	at org.springframework.aop.framework.ReflectiveMethodInvocation.proceed(ReflectiveMethodInvocation.java:186)
	at org.springframework.aop.framework.CglibAopProxy$CglibMethodInvocation.proceed(CglibAopProxy.java:763)
	at org.springframework.aop.interceptor.ExposeInvocationInterceptor.invoke(ExposeInvocationInterceptor.java:97)
	at org.springframework.aop.framework.ReflectiveMethodInvocation.proceed(ReflectiveMethodInvocation.java:186)
	at org.springframework.aop.framework.CglibAopProxy$CglibMethodInvocation.proceed(CglibAopProxy.java:763)
	at org.springframework.aop.framework.CglibAopProxy$DynamicAdvisedInterceptor.intercept(CglibAopProxy.java:708)
	at com.aopolex.travel.controller.backstage.MemberController$$EnhancerBySpringCGLIB$$d1031931.register(<generated>)
	at sun.reflect.NativeMethodAccessorImpl.invoke0(Native Method)
	at sun.reflect.NativeMethodAccessorImpl.invoke(NativeMethodAccessorImpl.java:62)
	at sun.reflect.DelegatingMethodAccessorImpl.invoke(DelegatingMethodAccessorImpl.java:43)
	at java.lang.reflect.Method.invoke(Method.java:498)
	at org.springframework.web.method.support.InvocableHandlerMethod.doInvoke(InvocableHandlerMethod.java:205)
	at org.springframework.web.method.support.InvocableHandlerMethod.invokeForRequest(InvocableHandlerMethod.java:150)
	at org.springframework.web.servlet.mvc.method.annotation.ServletInvocableHandlerMethod.invokeAndHandle(ServletInvocableHandlerMethod.java:117)
	at org.springframework.web.servlet.mvc.method.annotation.RequestMappingHandlerAdapter.invokeHandlerMethod(RequestMappingHandlerAdapter.java:895)
	at org.springframework.web.servlet.mvc.method.annotation.RequestMappingHandlerAdapter.handleInternal(RequestMappingHandlerAdapter.java:808)
	at org.springframework.web.servlet.mvc.method.AbstractHandlerMethodAdapter.handle(AbstractHandlerMethodAdapter.java:87)
	at org.springframework.web.servlet.DispatcherServlet.doDispatch(DispatcherServlet.java:1071)
	at org.springframework.web.servlet.DispatcherServlet.doService(DispatcherServlet.java:964)
	at org.springframework.web.servlet.FrameworkServlet.processRequest(FrameworkServlet.java:1006)
	at org.springframework.web.servlet.FrameworkServlet.doPost(FrameworkServlet.java:909)
	at javax.servlet.http.HttpServlet.service(HttpServlet.java:696)
	at org.springframework.web.servlet.FrameworkServlet.service(FrameworkServlet.java:883)
	at javax.servlet.http.HttpServlet.service(HttpServlet.java:779)
	at org.apache.catalina.core.ApplicationFilterChain.internalDoFilter(ApplicationFilterChain.java:227)
	at org.apache.catalina.core.ApplicationFilterChain.doFilter(ApplicationFilterChain.java:162)
	at org.apache.tomcat.websocket.server.WsFilter.doFilter(WsFilter.java:53)
	at org.apache.catalina.core.ApplicationFilterChain.internalDoFilter(ApplicationFilterChain.java:189)
	at org.apache.catalina.core.ApplicationFilterChain.doFilter(ApplicationFilterChain.java:162)
	at org.springframework.security.web.FilterChainProxy$VirtualFilterChain.doFilter(FilterChainProxy.java:337)
	at org.springframework.security.web.access.intercept.FilterSecurityInterceptor.invoke(FilterSecurityInterceptor.java:115)
	at org.springframework.security.web.access.intercept.FilterSecurityInterceptor.doFilter(FilterSecurityInterceptor.java:81)
	at org.springframework.security.web.FilterChainProxy$VirtualFilterChain.doFilter(FilterChainProxy.java:346)
	at org.springframework.security.web.access.ExceptionTranslationFilter.doFilter(ExceptionTranslationFilter.java:122)
	at org.springframework.security.web.access.ExceptionTranslationFilter.doFilter(ExceptionTranslationFilter.java:116)
	at org.springframework.security.web.FilterChainProxy$VirtualFilterChain.doFilter(FilterChainProxy.java:346)
	at org.springframework.security.web.session.SessionManagementFilter.doFilter(SessionManagementFilter.java:126)
	at org.springframework.security.web.session.SessionManagementFilter.doFilter(SessionManagementFilter.java:81)
	at org.springframework.security.web.FilterChainProxy$VirtualFilterChain.doFilter(FilterChainProxy.java:346)
	at org.springframework.security.web.authentication.AnonymousAuthenticationFilter.doFilter(AnonymousAuthenticationFilter.java:109)
	at org.springframework.security.web.FilterChainProxy$VirtualFilterChain.doFilter(FilterChainProxy.java:346)
	at org.springframework.security.web.servletapi.SecurityContextHolderAwareRequestFilter.doFilter(SecurityContextHolderAwareRequestFilter.java:149)
	at org.springframework.security.web.FilterChainProxy$VirtualFilterChain.doFilter(FilterChainProxy.java:346)
	at org.springframework.security.web.savedrequest.RequestCacheAwareFilter.doFilter(RequestCacheAwareFilter.java:63)
	at org.springframework.security.web.FilterChainProxy$VirtualFilterChain.doFilter(FilterChainProxy.java:346)
	at org.springframework.security.web.authentication.AbstractAuthenticationProcessingFilter.doFilter(AbstractAuthenticationProcessingFilter.java:223)
	at org.springframework.security.web.authentication.AbstractAuthenticationProcessingFilter.doFilter(AbstractAuthenticationProcessingFilter.java:217)
	at org.springframework.security.web.FilterChainProxy$VirtualFilterChain.doFilter(FilterChainProxy.java:346)
	at org.springframework.security.web.authentication.logout.LogoutFilter.doFilter(LogoutFilter.java:103)
	at org.springframework.security.web.authentication.logout.LogoutFilter.doFilter(LogoutFilter.java:89)
	at org.springframework.security.web.FilterChainProxy$VirtualFilterChain.doFilter(FilterChainProxy.java:346)
	at org.springframework.web.filter.CorsFilter.doFilterInternal(CorsFilter.java:91)
	at org.springframework.web.filter.OncePerRequestFilter.doFilter(OncePerRequestFilter.java:117)
	at org.springframework.security.web.FilterChainProxy$VirtualFilterChain.doFilter(FilterChainProxy.java:346)
	at org.springframework.security.web.header.HeaderWriterFilter.doHeadersAfter(HeaderWriterFilter.java:90)
	at org.springframework.security.web.header.HeaderWriterFilter.doFilterInternal(HeaderWriterFilter.java:75)
	at org.springframework.web.filter.OncePerRequestFilter.doFilter(OncePerRequestFilter.java:117)
	at org.springframework.security.web.FilterChainProxy$VirtualFilterChain.doFilter(FilterChainProxy.java:346)
	at org.springframework.security.web.context.SecurityContextPersistenceFilter.doFilter(SecurityContextPersistenceFilter.java:112)
	at org.springframework.security.web.context.SecurityContextPersistenceFilter.doFilter(SecurityContextPersistenceFilter.java:82)
	at org.springframework.security.web.FilterChainProxy$VirtualFilterChain.doFilter(FilterChainProxy.java:346)
	at org.springframework.security.web.context.request.async.WebAsyncManagerIntegrationFilter.doFilterInternal(WebAsyncManagerIntegrationFilter.java:55)
	at org.springframework.web.filter.OncePerRequestFilter.doFilter(OncePerRequestFilter.java:117)
	at org.springframework.security.web.FilterChainProxy$VirtualFilterChain.doFilter(FilterChainProxy.java:346)
	at org.springframework.security.web.session.DisableEncodeUrlFilter.doFilterInternal(DisableEncodeUrlFilter.java:42)
	at org.springframework.web.filter.OncePerRequestFilter.doFilter(OncePerRequestFilter.java:117)
	at org.springframework.security.web.FilterChainProxy$VirtualFilterChain.doFilter(FilterChainProxy.java:346)
	at org.springframework.security.web.FilterChainProxy.doFilterInternal(FilterChainProxy.java:221)
	at org.springframework.security.web.FilterChainProxy.doFilter(FilterChainProxy.java:186)
	at org.springframework.web.filter.DelegatingFilterProxy.invokeDelegate(DelegatingFilterProxy.java:354)
	at org.springframework.web.filter.DelegatingFilterProxy.doFilter(DelegatingFilterProxy.java:267)
	at org.apache.catalina.core.ApplicationFilterChain.internalDoFilter(ApplicationFilterChain.java:189)
	at org.apache.catalina.core.ApplicationFilterChain.doFilter(ApplicationFilterChain.java:162)
	at org.springframework.web.filter.RequestContextFilter.doFilterInternal(RequestContextFilter.java:100)
	at org.springframework.web.filter.OncePerRequestFilter.doFilter(OncePerRequestFilter.java:117)
	at org.apache.catalina.core.ApplicationFilterChain.internalDoFilter(ApplicationFilterChain.java:189)
	at org.apache.catalina.core.ApplicationFilterChain.doFilter(ApplicationFilterChain.java:162)
	at org.springframework.web.filter.FormContentFilter.doFilterInternal(FormContentFilter.java:93)
	at org.springframework.web.filter.OncePerRequestFilter.doFilter(OncePerRequestFilter.java:117)
	at org.apache.catalina.core.ApplicationFilterChain.internalDoFilter(ApplicationFilterChain.java:189)
	at org.apache.catalina.core.ApplicationFilterChain.doFilter(ApplicationFilterChain.java:162)
	at org.springframework.web.filter.CharacterEncodingFilter.doFilterInternal(CharacterEncodingFilter.java:201)
	at org.springframework.web.filter.OncePerRequestFilter.doFilter(OncePerRequestFilter.java:117)
	at org.apache.catalina.core.ApplicationFilterChain.internalDoFilter(ApplicationFilterChain.java:189)
	at org.apache.catalina.core.ApplicationFilterChain.doFilter(ApplicationFilterChain.java:162)
	at org.apache.catalina.core.StandardWrapperValve.invoke(StandardWrapperValve.java:177)
	at org.apache.catalina.core.StandardContextValve.invoke(StandardContextValve.java:97)
	at org.apache.catalina.authenticator.AuthenticatorBase.invoke(AuthenticatorBase.java:541)
	at org.apache.catalina.core.StandardHostValve.invoke(StandardHostValve.java:135)
	at org.apache.catalina.valves.ErrorReportValve.invoke(ErrorReportValve.java:92)
	at org.apache.catalina.core.StandardEngineValve.invoke(StandardEngineValve.java:78)
	at org.apache.catalina.connector.CoyoteAdapter.service(CoyoteAdapter.java:360)
	at org.apache.coyote.http11.Http11Processor.service(Http11Processor.java:399)
	at org.apache.coyote.AbstractProcessorLight.process(AbstractProcessorLight.java:65)
	at org.apache.coyote.AbstractProtocol$ConnectionHandler.process(AbstractProtocol.java:891)
	at org.apache.tomcat.util.net.NioEndpoint$SocketProcessor.doRun(NioEndpoint.java:1784)
	at org.apache.tomcat.util.net.SocketProcessorBase.run(SocketProcessorBase.java:49)
	at org.apache.tomcat.util.threads.ThreadPoolExecutor.runWorker(ThreadPoolExecutor.java:1191)
	at org.apache.tomcat.util.threads.ThreadPoolExecutor$Worker.run(ThreadPoolExecutor.java:659)
	at org.apache.tomcat.util.threads.TaskThread$WrappingRunnable.run(TaskThread.java:61)
	at java.lang.Thread.run(Thread.java:748)
22:05:34.065 [http-nio-80-exec-1] INFO  com.zaxxer.hikari.HikariDataSource - HikariPool-1 - Starting...
22:05:34.594 [http-nio-80-exec-1] INFO  com.zaxxer.hikari.HikariDataSource - HikariPool-1 - Start completed.
22:05:34.670 [http-nio-80-exec-1] INFO  com.aopolex.travel.aop.LogAop - Log(url=/frontdesk/member/register, visitTime=Sun Jan 15 22:05:33 CST 2023, username=null, ip=0:0:0:0:0:0:0:1, executionTime=708, exceptionMessage=null)
22:06:25.611 [SpringApplicationShutdownHook] INFO  com.zaxxer.hikari.HikariDataSource - HikariPool-1 - Shutdown initiated...
22:06:25.620 [SpringApplicationShutdownHook] INFO  com.zaxxer.hikari.HikariDataSource - HikariPool-1 - Shutdown completed.
22:06:30.649 [main] INFO  com.aopolex.travel.TravelApplication - Starting TravelApplication using Java 1.8.0_301 on LAPTOP-TMK1TVK9 with PID 16828 (D:\JavaProject\Travel\target\classes started by AoPoLex in D:\JavaProject\Travel)
22:06:30.651 [main] INFO  com.aopolex.travel.TravelApplication - No active profile set, falling back to 1 default profile: "default"
22:06:31.751 [main] INFO  o.s.boot.web.embedded.tomcat.TomcatWebServer - Tomcat initialized with port(s): 80 (http)
22:06:31.757 [main] INFO  org.apache.coyote.http11.Http11NioProtocol - Initializing ProtocolHandler ["http-nio-80"]
22:06:31.758 [main] INFO  org.apache.catalina.core.StandardService - Starting service [Tomcat]
22:06:31.758 [main] INFO  org.apache.catalina.core.StandardEngine - Starting Servlet engine: [Apache Tomcat/9.0.70]
22:06:31.858 [main] INFO  o.a.c.core.ContainerBase.[Tomcat].[localhost].[/] - Initializing Spring embedded WebApplicationContext
22:06:31.859 [main] INFO  o.s.b.w.s.c.ServletWebServerApplicationContext - Root WebApplicationContext: initialization completed in 1163 ms
22:06:33.523 [main] INFO  o.s.security.web.DefaultSecurityFilterChain - Will secure any request with [org.springframework.security.web.session.DisableEncodeUrlFilter@1e7f19b4, org.springframework.security.web.context.request.async.WebAsyncManagerIntegrationFilter@235b4cb8, org.springframework.security.web.context.SecurityContextPersistenceFilter@6baf25d7, org.springframework.security.web.header.HeaderWriterFilter@2a235b8e, org.springframework.web.filter.CorsFilter@4346808, org.springframework.security.web.authentication.logout.LogoutFilter@438c9aa7, org.springframework.security.web.authentication.UsernamePasswordAuthenticationFilter@71b6172c, org.springframework.security.web.savedrequest.RequestCacheAwareFilter@270d43a7, org.springframework.security.web.servletapi.SecurityContextHolderAwareRequestFilter@7b2ccba5, org.springframework.security.web.authentication.AnonymousAuthenticationFilter@17fede14, org.springframework.security.web.session.SessionManagementFilter@38d08cb5, org.springframework.security.web.access.ExceptionTranslationFilter@63f855b, org.springframework.security.web.access.intercept.FilterSecurityInterceptor@671ea6ff]
22:06:33.579 [main] INFO  org.apache.coyote.http11.Http11NioProtocol - Starting ProtocolHandler ["http-nio-80"]
22:06:33.591 [main] INFO  o.s.boot.web.embedded.tomcat.TomcatWebServer - Tomcat started on port(s): 80 (http) with context path ''
22:06:33.598 [main] INFO  com.aopolex.travel.TravelApplication - Started TravelApplication in 3.309 seconds (JVM running for 3.959)
22:06:38.396 [http-nio-80-exec-1] INFO  o.a.c.core.ContainerBase.[Tomcat].[localhost].[/] - Initializing Spring DispatcherServlet 'dispatcherServlet'
22:06:38.397 [http-nio-80-exec-1] INFO  org.springframework.web.servlet.DispatcherServlet - Initializing Servlet 'dispatcherServlet'
22:06:38.397 [http-nio-80-exec-1] INFO  org.springframework.web.servlet.DispatcherServlet - Completed initialization in 0 ms
22:06:59.838 [http-nio-80-exec-7] INFO  com.zaxxer.hikari.HikariDataSource - HikariPool-1 - Starting...
22:07:00.210 [http-nio-80-exec-7] INFO  com.zaxxer.hikari.HikariDataSource - HikariPool-1 - Start completed.
22:07:00.257 [http-nio-80-exec-7] INFO  com.aopolex.travel.aop.LogAop - Log(url=/frontdesk/member/register, visitTime=Sun Jan 15 22:06:59 CST 2023, username=null, ip=0:0:0:0:0:0:0:1, executionTime=469, exceptionMessage=null)
22:34:53.966 [SpringApplicationShutdownHook] INFO  com.zaxxer.hikari.HikariDataSource - HikariPool-1 - Shutdown initiated...
22:34:53.976 [SpringApplicationShutdownHook] INFO  com.zaxxer.hikari.HikariDataSource - HikariPool-1 - Shutdown completed.
22:34:59.022 [main] INFO  com.aopolex.travel.TravelApplication - Starting TravelApplication using Java 1.8.0_301 on LAPTOP-TMK1TVK9 with PID 8136 (D:\JavaProject\Travel\target\classes started by AoPoLex in D:\JavaProject\Travel)
22:34:59.025 [main] INFO  com.aopolex.travel.TravelApplication - No active profile set, falling back to 1 default profile: "default"
22:35:00.037 [main] INFO  o.s.boot.web.embedded.tomcat.TomcatWebServer - Tomcat initialized with port(s): 80 (http)
22:35:00.043 [main] INFO  org.apache.coyote.http11.Http11NioProtocol - Initializing ProtocolHandler ["http-nio-80"]
22:35:00.044 [main] INFO  org.apache.catalina.core.StandardService - Starting service [Tomcat]
22:35:00.044 [main] INFO  org.apache.catalina.core.StandardEngine - Starting Servlet engine: [Apache Tomcat/9.0.70]
22:35:00.147 [main] INFO  o.a.c.core.ContainerBase.[Tomcat].[localhost].[/] - Initializing Spring embedded WebApplicationContext
22:35:00.148 [main] INFO  o.s.b.w.s.c.ServletWebServerApplicationContext - Root WebApplicationContext: initialization completed in 1084 ms
22:35:01.496 [main] INFO  o.s.security.web.DefaultSecurityFilterChain - Will secure any request with [org.springframework.security.web.session.DisableEncodeUrlFilter@77c3c037, org.springframework.security.web.context.request.async.WebAsyncManagerIntegrationFilter@252744a1, org.springframework.security.web.context.SecurityContextPersistenceFilter@2a235b8e, org.springframework.security.web.header.HeaderWriterFilter@4cffcc61, org.springframework.web.filter.CorsFilter@10e5bf9c, org.springframework.security.web.authentication.logout.LogoutFilter@3b42121d, org.springframework.security.web.authentication.UsernamePasswordAuthenticationFilter@6ccac6f4, org.springframework.security.web.savedrequest.RequestCacheAwareFilter@33f17289, org.springframework.security.web.servletapi.SecurityContextHolderAwareRequestFilter@1280682, org.springframework.security.web.authentication.AnonymousAuthenticationFilter@68c9e023, org.springframework.security.web.session.SessionManagementFilter@399ca607, org.springframework.security.web.access.ExceptionTranslationFilter@4570d7b6, org.springframework.security.web.access.intercept.FilterSecurityInterceptor@4b1ec694]
22:35:01.543 [main] INFO  org.apache.coyote.http11.Http11NioProtocol - Starting ProtocolHandler ["http-nio-80"]
22:35:01.562 [main] INFO  o.s.boot.web.embedded.tomcat.TomcatWebServer - Tomcat started on port(s): 80 (http) with context path ''
22:35:01.570 [main] INFO  com.aopolex.travel.TravelApplication - Started TravelApplication in 2.884 seconds (JVM running for 3.689)
22:35:20.047 [http-nio-80-exec-1] INFO  o.a.c.core.ContainerBase.[Tomcat].[localhost].[/] - Initializing Spring DispatcherServlet 'dispatcherServlet'
22:35:20.047 [http-nio-80-exec-1] INFO  org.springframework.web.servlet.DispatcherServlet - Initializing Servlet 'dispatcherServlet'
22:35:20.047 [http-nio-80-exec-1] INFO  org.springframework.web.servlet.DispatcherServlet - Completed initialization in 0 ms
22:49:23.069 [main] INFO  o.s.b.t.context.SpringBootTestContextBootstrapper - Neither @ContextConfiguration nor @ContextHierarchy found for test class [com.aopolex.travel.TravelApplicationTests], using SpringBootContextLoader
22:49:23.076 [main] INFO  o.s.test.context.support.AbstractContextLoader - Could not detect default resource locations for test class [com.aopolex.travel.TravelApplicationTests]: no resource found for suffixes {-context.xml, Context.groovy}.
22:49:23.076 [main] INFO  o.s.t.c.support.AnnotationConfigContextLoaderUtils - Could not detect default configuration classes for test class [com.aopolex.travel.TravelApplicationTests]: TravelApplicationTests does not declare any static, non-private, non-final, nested classes annotated with @Configuration.
22:49:23.204 [main] INFO  o.s.b.t.context.SpringBootTestContextBootstrapper - Found @SpringBootConfiguration com.aopolex.travel.TravelApplication for test class com.aopolex.travel.TravelApplicationTests
22:49:23.357 [main] INFO  o.s.b.t.context.SpringBootTestContextBootstrapper - Loaded default TestExecutionListener class names from location [META-INF/spring.factories]: [org.springframework.boot.test.mock.mockito.MockitoTestExecutionListener, org.springframework.boot.test.mock.mockito.ResetMocksTestExecutionListener, org.springframework.boot.test.autoconfigure.restdocs.RestDocsTestExecutionListener, org.springframework.boot.test.autoconfigure.web.client.MockRestServiceServerResetTestExecutionListener, org.springframework.boot.test.autoconfigure.web.servlet.MockMvcPrintOnlyOnFailureTestExecutionListener, org.springframework.boot.test.autoconfigure.web.servlet.WebDriverTestExecutionListener, org.springframework.boot.test.autoconfigure.webservices.client.MockWebServiceServerTestExecutionListener, org.springframework.test.context.web.ServletTestExecutionListener, org.springframework.test.context.support.DirtiesContextBeforeModesTestExecutionListener, org.springframework.test.context.event.ApplicationEventsTestExecutionListener, org.springframework.test.context.support.DependencyInjectionTestExecutionListener, org.springframework.test.context.support.DirtiesContextTestExecutionListener, org.springframework.test.context.transaction.TransactionalTestExecutionListener, org.springframework.test.context.jdbc.SqlScriptsTestExecutionListener, org.springframework.test.context.event.EventPublishingTestExecutionListener]
22:49:23.375 [main] INFO  o.s.b.t.context.SpringBootTestContextBootstrapper - Using TestExecutionListeners: [org.springframework.test.context.web.ServletTestExecutionListener@1169afe1, org.springframework.test.context.support.DirtiesContextBeforeModesTestExecutionListener@2ca26d77, org.springframework.test.context.event.ApplicationEventsTestExecutionListener@4808bc9b, org.springframework.boot.test.mock.mockito.MockitoTestExecutionListener@70e38ce1, org.springframework.boot.test.autoconfigure.SpringBootDependencyInjectionTestExecutionListener@2ca923bb, org.springframework.test.context.support.DirtiesContextTestExecutionListener@13df2a8c, org.springframework.test.context.transaction.TransactionalTestExecutionListener@1ebea008, org.springframework.test.context.jdbc.SqlScriptsTestExecutionListener@72d6b3ba, org.springframework.test.context.event.EventPublishingTestExecutionListener@1787f2a0, org.springframework.boot.test.mock.mockito.ResetMocksTestExecutionListener@7de62196, org.springframework.boot.test.autoconfigure.restdocs.RestDocsTestExecutionListener@163370c2, org.springframework.boot.test.autoconfigure.web.client.MockRestServiceServerResetTestExecutionListener@51bf5add, org.springframework.boot.test.autoconfigure.web.servlet.MockMvcPrintOnlyOnFailureTestExecutionListener@7905a0b8, org.springframework.boot.test.autoconfigure.web.servlet.WebDriverTestExecutionListener@35a3d49f, org.springframework.boot.test.autoconfigure.webservices.client.MockWebServiceServerTestExecutionListener@389b0789]
22:49:23.714 [main] INFO  com.aopolex.travel.TravelApplicationTests - Starting TravelApplicationTests using Java 1.8.0_301 on LAPTOP-TMK1TVK9 with PID 11424 (started by AoPoLex in D:\JavaProject\Travel)
22:49:23.715 [main] INFO  com.aopolex.travel.TravelApplicationTests - No active profile set, falling back to 1 default profile: "default"
22:49:27.541 [main] INFO  o.s.security.web.DefaultSecurityFilterChain - Will secure any request with [org.springframework.security.web.session.DisableEncodeUrlFilter@68af87ad, org.springframework.security.web.context.request.async.WebAsyncManagerIntegrationFilter@43d65a81, org.springframework.security.web.context.SecurityContextPersistenceFilter@53eba4b8, org.springframework.security.web.header.HeaderWriterFilter@77b5148c, org.springframework.web.filter.CorsFilter@9cfc77, org.springframework.security.web.authentication.logout.LogoutFilter@6b63abdc, org.springframework.security.web.authentication.UsernamePasswordAuthenticationFilter@7c5df615, org.springframework.security.web.savedrequest.RequestCacheAwareFilter@6401188a, org.springframework.security.web.servletapi.SecurityContextHolderAwareRequestFilter@510689af, org.springframework.security.web.authentication.AnonymousAuthenticationFilter@7418d76e, org.springframework.security.web.session.SessionManagementFilter@1ab14636, org.springframework.security.web.access.ExceptionTranslationFilter@4f1fb828, org.springframework.security.web.access.intercept.FilterSecurityInterceptor@613f7eb7]
22:49:27.700 [main] INFO  com.aopolex.travel.TravelApplicationTests - Started TravelApplicationTests in 4.271 seconds (JVM running for 5.86)
